2019-03-05 04:22:18,424 INFO [main] Starting FileDemoApplication on icrtrnd-testpod-icai01.infacloudops.net with PID 6311 (/home/ec2-user/file-demo/target/classes started by root in /home/ec2-user/file-demo)
2019-03-05 04:22:18,435 INFO [main] No active profile set, falling back to default profiles: default
2019-03-05 04:22:19,963 INFO [main] Tomcat initialized with port(s): 8080 (http)
2019-03-05 04:22:19,979 INFO [main] Initializing ProtocolHandler ["http-nio-8080"]
2019-03-05 04:22:19,988 INFO [main] Starting service [Tomcat]
2019-03-05 04:22:19,989 INFO [main] Starting Servlet engine: [Apache Tomcat/9.0.14]
2019-03-05 04:22:19,999 INFO [main] The APR based Apache Tomcat Native library which allows optimal performance in production environments was not found on the java.library.path: [/usr/java/packages/lib/amd64:/usr/lib64:/lib64:/lib:/usr/lib]
2019-03-05 04:22:20,066 INFO [main] Initializing Spring embedded WebApplicationContext
2019-03-05 04:22:20,066 INFO [main] Root WebApplicationContext: initialization completed in 1565 ms
2019-03-05 04:22:20,285 INFO [main] Initializing ExecutorService 'applicationTaskExecutor'
2019-03-05 04:22:20,386 INFO [main] Adding welcome page: class path resource [static/index.html]
2019-03-05 04:22:20,444 INFO [main] Starting ProtocolHandler ["http-nio-8080"]
2019-03-05 04:22:20,469 INFO [main] Tomcat started on port(s): 8080 (http) with context path ''
2019-03-05 04:22:20,477 INFO [main] Started FileDemoApplication in 2.649 seconds (JVM running for 5.728)
2019-03-05 04:22:45,465 INFO [http-nio-8080-exec-2] Initializing Spring DispatcherServlet 'dispatcherServlet'
2019-03-05 04:22:45,465 INFO [http-nio-8080-exec-2] Initializing Servlet 'dispatcherServlet'
2019-03-05 04:22:45,481 INFO [http-nio-8080-exec-2] Completed initialization in 16 ms
2019-03-05 04:22:51,119 INFO [http-nio-8080-exec-4] Pem file found
2019-03-05 04:22:51,119 INFO [http-nio-8080-exec-4] Executing commnad: cd /home/ec2-user/hydrant-prod-pop && ./prod.sh /home/ec2-user/file-demo/upload/icrtkey2.pem staging "add-service-host 10.127.77.67 icrtrnd-testpod-icai01.infacloudops.net tomcat @!quotes@!icrt@!quotes@!"
2019-03-05 04:22:52,714 INFO [http-nio-8080-exec-4] command execution done
2019-03-05 04:26:57,868 INFO [http-nio-8080-exec-2] Pem file found
2019-03-05 04:26:57,869 INFO [http-nio-8080-exec-2] Executing commnad: cd /home/ec2-user/hydrant-prod-pop && ./prod.sh /home/ec2-user/file-demo/upload/icrtkey2.pem staging "add-service-host 10.127.77.67 icrtrnd-testpod-icai01.infacloudops.net tomcat @!quotes@!icrt@!quotes@!"
2019-03-05 04:27:00,093 INFO [http-nio-8080-exec-2] command execution done
2019-03-05 05:25:32,011 INFO [Thread-4] Shutting down ExecutorService 'applicationTaskExecutor'
2019-03-05 05:30:13,423 INFO [main] Starting FileDemoApplication on icrtrnd-testpod-icai01.infacloudops.net with PID 8283 (/home/ec2-user/file-demo/target/classes started by root in /home/ec2-user/file-demo)
2019-03-05 05:30:13,427 INFO [main] No active profile set, falling back to default profiles: default
2019-03-05 05:30:14,659 INFO [main] Tomcat initialized with port(s): 8080 (http)
2019-03-05 05:30:14,677 INFO [main] Initializing ProtocolHandler ["http-nio-8080"]
2019-03-05 05:30:14,687 INFO [main] Starting service [Tomcat]
2019-03-05 05:30:14,687 INFO [main] Starting Servlet engine: [Apache Tomcat/9.0.14]
2019-03-05 05:30:14,698 INFO [main] The APR based Apache Tomcat Native library which allows optimal performance in production environments was not found on the java.library.path: [/usr/java/packages/lib/amd64:/usr/lib64:/lib64:/lib:/usr/lib]
2019-03-05 05:30:14,767 INFO [main] Initializing Spring embedded WebApplicationContext
2019-03-05 05:30:14,768 INFO [main] Root WebApplicationContext: initialization completed in 1267 ms
2019-03-05 05:30:15,011 INFO [main] Initializing ExecutorService 'applicationTaskExecutor'
2019-03-05 05:30:15,159 INFO [main] Adding welcome page: class path resource [static/index.html]
2019-03-05 05:30:15,228 INFO [main] Starting ProtocolHandler ["http-nio-8080"]
2019-03-05 05:30:15,249 INFO [main] Tomcat started on port(s): 8080 (http) with context path ''
2019-03-05 05:30:15,253 INFO [main] Started FileDemoApplication in 2.719 seconds (JVM running for 6.392)
2019-03-05 05:30:15,459 INFO [http-nio-8080-exec-1] Initializing Spring DispatcherServlet 'dispatcherServlet'
2019-03-05 05:30:15,460 INFO [http-nio-8080-exec-1] Initializing Servlet 'dispatcherServlet'
2019-03-05 05:30:15,468 INFO [http-nio-8080-exec-1] Completed initialization in 8 ms
2019-03-05 05:30:31,979 INFO [http-nio-8080-exec-3] Pem file found
2019-03-05 05:30:31,981 INFO [http-nio-8080-exec-3] Executing commnad: add-service-host 10.127.77.67 icrtrnd-testpod-icai01.infacloudops.net tomcat \"icrt\"from node: 127.0.0.1
2019-03-05 05:30:33,184 INFO [http-nio-8080-exec-3] command execution done
2019-03-05 05:32:26,433 INFO [http-nio-8080-exec-3] Pem file found
2019-03-05 05:32:26,434 INFO [http-nio-8080-exec-3] Executing commnad: add-service-host 10.127.77.67 icrtrnd-testpod-icai01.infacloudops.net tomcat \"icrt ois b2b\"from node: 127.0.0.1
2019-03-05 05:32:29,737 INFO [http-nio-8080-exec-3] command execution done
2019-03-05 06:03:54,981 INFO [Thread-4] Shutting down ExecutorService 'applicationTaskExecutor'
2019-03-05 06:34:52,286 INFO [main] Starting FileDemoApplication on icrtrnd-testpod-icai01.infacloudops.net with PID 9080 (/home/ec2-user/file-demo/target/classes started by root in /home/ec2-user/file-demo)
2019-03-05 06:34:52,298 INFO [main] No active profile set, falling back to default profiles: default
2019-03-05 06:34:53,715 INFO [main] Tomcat initialized with port(s): 8080 (http)
2019-03-05 06:34:53,737 INFO [main] Initializing ProtocolHandler ["http-nio-8080"]
2019-03-05 06:34:53,764 INFO [main] Starting service [Tomcat]
2019-03-05 06:34:53,765 INFO [main] Starting Servlet engine: [Apache Tomcat/9.0.14]
2019-03-05 06:34:53,783 INFO [main] The APR based Apache Tomcat Native library which allows optimal performance in production environments was not found on the java.library.path: [/usr/java/packages/lib/amd64:/usr/lib64:/lib64:/lib:/usr/lib]
2019-03-05 06:34:53,850 INFO [main] Initializing Spring embedded WebApplicationContext
2019-03-05 06:34:53,851 INFO [main] Root WebApplicationContext: initialization completed in 1506 ms
2019-03-05 06:34:54,122 INFO [main] Initializing ExecutorService 'applicationTaskExecutor'
2019-03-05 06:34:54,244 INFO [main] Adding welcome page: class path resource [static/index.html]
2019-03-05 06:34:54,305 INFO [main] Starting ProtocolHandler ["http-nio-8080"]
2019-03-05 06:34:54,332 INFO [main] Tomcat started on port(s): 8080 (http) with context path ''
2019-03-05 06:34:54,335 INFO [main] Started FileDemoApplication in 2.696 seconds (JVM running for 5.945)
2019-03-05 06:35:15,465 INFO [http-nio-8080-exec-1] Initializing Spring DispatcherServlet 'dispatcherServlet'
2019-03-05 06:35:15,466 INFO [http-nio-8080-exec-1] Initializing Servlet 'dispatcherServlet'
2019-03-05 06:35:15,474 INFO [http-nio-8080-exec-1] Completed initialization in 8 ms
2019-03-05 06:36:49,410 INFO [main] Starting FileDemoApplication on icrtrnd-testpod-icai01.infacloudops.net with PID 9211 (/home/ec2-user/file-demo/target/classes started by root in /home/ec2-user/file-demo)
2019-03-05 06:36:49,414 INFO [main] No active profile set, falling back to default profiles: default
2019-03-05 06:36:51,119 INFO [main] Tomcat initialized with port(s): 8080 (http)
2019-03-05 06:36:51,135 INFO [main] Initializing ProtocolHandler ["http-nio-8080"]
2019-03-05 06:36:51,146 INFO [main] Starting service [Tomcat]
2019-03-05 06:36:51,146 INFO [main] Starting Servlet engine: [Apache Tomcat/9.0.14]
2019-03-05 06:36:51,157 INFO [main] The APR based Apache Tomcat Native library which allows optimal performance in production environments was not found on the java.library.path: [/usr/java/packages/lib/amd64:/usr/lib64:/lib64:/lib:/usr/lib]
2019-03-05 06:36:51,308 INFO [main] Initializing Spring embedded WebApplicationContext
2019-03-05 06:36:51,309 INFO [main] Root WebApplicationContext: initialization completed in 1815 ms
2019-03-05 06:36:51,635 INFO [main] Initializing ExecutorService 'applicationTaskExecutor'
2019-03-05 06:36:51,769 INFO [main] Adding welcome page: class path resource [static/index.html]
2019-03-05 06:36:51,828 INFO [main] Starting ProtocolHandler ["http-nio-8080"]
2019-03-05 06:36:51,837 ERROR [main] Failed to start component [Connector[HTTP/1.1-8080]]
org.apache.catalina.LifecycleException: Protocol handler start failed
	at org.apache.catalina.connector.Connector.startInternal(Connector.java:1004)
	at org.apache.catalina.util.LifecycleBase.start(LifecycleBase.java:183)
	at org.apache.catalina.core.StandardService.addConnector(StandardService.java:226)
	at org.springframework.boot.web.embedded.tomcat.TomcatWebServer.addPreviouslyRemovedConnectors(TomcatWebServer.java:259)
	at org.springframework.boot.web.embedded.tomcat.TomcatWebServer.start(TomcatWebServer.java:197)
	at org.springframework.boot.web.servlet.context.ServletWebServerApplicationContext.startWebServer(ServletWebServerApplicationContext.java:311)
	at org.springframework.boot.web.servlet.context.ServletWebServerApplicationContext.finishRefresh(ServletWebServerApplicationContext.java:164)
	at org.springframework.context.support.AbstractApplicationContext.refresh(AbstractApplicationContext.java:549)
	at org.springframework.boot.web.servlet.context.ServletWebServerApplicationContext.refresh(ServletWebServerApplicationContext.java:142)
	at org.springframework.boot.SpringApplication.refresh(SpringApplication.java:775)
	at org.springframework.boot.SpringApplication.refreshContext(SpringApplication.java:397)
	at org.springframework.boot.SpringApplication.run(SpringApplication.java:316)
	at org.springframework.boot.SpringApplication.run(SpringApplication.java:1260)
	at org.springframework.boot.SpringApplication.run(SpringApplication.java:1248)
	at com.example.filedemo.FileDemoApplication.main(FileDemoApplication.java:15)
	at sun.reflect.NativeMethodAccessorImpl.invoke0(Native Method)
	at sun.reflect.NativeMethodAccessorImpl.invoke(NativeMethodAccessorImpl.java:62)
	at sun.reflect.DelegatingMethodAccessorImpl.invoke(DelegatingMethodAccessorImpl.java:43)
	at java.lang.reflect.Method.invoke(Method.java:498)
	at org.springframework.boot.maven.AbstractRunMojo$LaunchRunner.run(AbstractRunMojo.java:558)
	at java.lang.Thread.run(Thread.java:748)
Caused by: java.net.BindException: Address already in use
	at sun.nio.ch.Net.bind0(Native Method)
	at sun.nio.ch.Net.bind(Net.java:433)
	at sun.nio.ch.Net.bind(Net.java:425)
	at sun.nio.ch.ServerSocketChannelImpl.bind(ServerSocketChannelImpl.java:223)
	at sun.nio.ch.ServerSocketAdaptor.bind(ServerSocketAdaptor.java:74)
	at org.apache.tomcat.util.net.NioEndpoint.initServerSocket(NioEndpoint.java:236)
	at org.apache.tomcat.util.net.NioEndpoint.bind(NioEndpoint.java:210)
	at org.apache.tomcat.util.net.AbstractEndpoint.bindWithCleanup(AbstractEndpoint.java:1085)
	at org.apache.tomcat.util.net.AbstractEndpoint.start(AbstractEndpoint.java:1171)
	at org.apache.coyote.AbstractProtocol.start(AbstractProtocol.java:568)
	at org.apache.catalina.connector.Connector.startInternal(Connector.java:1001)
	... 20 common frames omitted
2019-03-05 06:36:51,841 INFO [main] Pausing ProtocolHandler ["http-nio-8080"]
2019-03-05 06:36:51,842 INFO [main] Stopping service [Tomcat]
2019-03-05 06:36:51,849 INFO [main] The stop() method was called on component [StandardServer[-1]] after stop() had already been called. The second call will be ignored.
2019-03-05 06:36:51,849 INFO [main] Stopping ProtocolHandler ["http-nio-8080"]
2019-03-05 06:36:51,849 INFO [main] Destroying ProtocolHandler ["http-nio-8080"]
2019-03-05 06:36:51,853 INFO [main] 

Error starting ApplicationContext. To display the conditions report re-run your application with 'debug' enabled.
2019-03-05 06:36:51,856 ERROR [main] 

***************************
APPLICATION FAILED TO START
***************************

Description:

The Tomcat connector configured to listen on port 8080 failed to start. The port may already be in use or the connector may be misconfigured.

Action:

Verify the connector's configuration, identify and stop any process that's listening on port 8080, or configure this application to listen on another port.

2019-03-05 06:36:51,858 INFO [main] Shutting down ExecutorService 'applicationTaskExecutor'
2019-03-05 06:36:52,621 INFO [Thread-4] Shutting down ExecutorService 'applicationTaskExecutor'
2019-03-05 06:37:05,794 INFO [main] Starting FileDemoApplication on icrtrnd-testpod-icai01.infacloudops.net with PID 9279 (/home/ec2-user/file-demo/target/classes started by root in /home/ec2-user/file-demo)
2019-03-05 06:37:05,798 INFO [main] No active profile set, falling back to default profiles: default
2019-03-05 06:37:07,319 INFO [main] Tomcat initialized with port(s): 8080 (http)
2019-03-05 06:37:07,345 INFO [main] Initializing ProtocolHandler ["http-nio-8080"]
2019-03-05 06:37:07,358 INFO [main] Starting service [Tomcat]
2019-03-05 06:37:07,358 INFO [main] Starting Servlet engine: [Apache Tomcat/9.0.14]
2019-03-05 06:37:07,369 INFO [main] The APR based Apache Tomcat Native library which allows optimal performance in production environments was not found on the java.library.path: [/usr/java/packages/lib/amd64:/usr/lib64:/lib64:/lib:/usr/lib]
2019-03-05 06:37:07,452 INFO [main] Initializing Spring embedded WebApplicationContext
2019-03-05 06:37:07,453 INFO [main] Root WebApplicationContext: initialization completed in 1594 ms
2019-03-05 06:37:07,665 INFO [main] Initializing ExecutorService 'applicationTaskExecutor'
2019-03-05 06:37:07,766 INFO [main] Adding welcome page: class path resource [static/index.html]
2019-03-05 06:37:07,825 INFO [main] Starting ProtocolHandler ["http-nio-8080"]
2019-03-05 06:37:07,855 INFO [main] Tomcat started on port(s): 8080 (http) with context path ''
2019-03-05 06:37:07,859 INFO [main] Started FileDemoApplication in 2.643 seconds (JVM running for 5.778)
2019-03-05 06:37:15,459 INFO [http-nio-8080-exec-1] Initializing Spring DispatcherServlet 'dispatcherServlet'
2019-03-05 06:37:15,459 INFO [http-nio-8080-exec-1] Initializing Servlet 'dispatcherServlet'
2019-03-05 06:37:15,470 INFO [http-nio-8080-exec-1] Completed initialization in 10 ms
2019-03-05 06:37:25,462 INFO [http-nio-8080-exec-3] Pem file found
2019-03-05 06:37:25,463 INFO [http-nio-8080-exec-3] Executing commnad: add-service-host 10.127.77.67 icrtrnd-testpod-icai01.infacloudops.net tomcat \"icrt\"from node: 127.0.0.1
2019-03-05 06:37:26,818 INFO [http-nio-8080-exec-3] command execution done
2019-03-05 06:46:58,536 INFO [http-nio-8080-exec-1] Pem file found
2019-03-05 06:46:58,536 INFO [http-nio-8080-exec-1] Executing commnad: add-service-host 10.127.77.67 icrtrnd-testpod-icai01.infacloudops.net tomcat \"icrt ois b2b\"from node: 10.127.77.67
2019-03-05 06:47:01,125 INFO [http-nio-8080-exec-1] command execution done
2019-03-05 06:53:21,159 INFO [http-nio-8080-exec-9] Pem file found
2019-03-05 06:53:21,160 INFO [http-nio-8080-exec-9] Executing commnad: add-service-host 10.127.77.67 icrtrnd-testpod-icai01.infacloudops.net tomcat \"icrt ois b2b\"from node: 34.209.147.94
2019-03-05 06:53:23,903 INFO [http-nio-8080-exec-9] command execution done
2019-03-05 06:58:41,834 INFO [http-nio-8080-exec-5] Pem file found
2019-03-05 06:58:41,834 INFO [http-nio-8080-exec-5] Executing commnad: add-service-host 10.127.77.67 icrtrnd-testpod-icai01.infacloudops.net tomcat \"icrt ois b2b\"from node: 10.127.77.67
2019-03-05 06:58:44,663 INFO [http-nio-8080-exec-5] command execution done
2019-03-05 06:59:47,616 INFO [Thread-4] Shutting down ExecutorService 'applicationTaskExecutor'
2019-03-05 07:01:06,376 INFO [main] Starting FileDemoApplication on icrtrnd-testpod-icai01.infacloudops.net with PID 10843 (/home/ec2-user/file-demo/target/classes started by root in /home/ec2-user/file-demo)
2019-03-05 07:01:06,385 INFO [main] No active profile set, falling back to default profiles: default
2019-03-05 07:01:07,679 INFO [main] Tomcat initialized with port(s): 8080 (http)
2019-03-05 07:01:07,703 INFO [main] Initializing ProtocolHandler ["http-nio-8080"]
2019-03-05 07:01:07,721 INFO [main] Starting service [Tomcat]
2019-03-05 07:01:07,722 INFO [main] Starting Servlet engine: [Apache Tomcat/9.0.14]
2019-03-05 07:01:07,740 INFO [main] The APR based Apache Tomcat Native library which allows optimal performance in production environments was not found on the java.library.path: [/usr/java/packages/lib/amd64:/usr/lib64:/lib64:/lib:/usr/lib]
2019-03-05 07:01:07,833 INFO [main] Initializing Spring embedded WebApplicationContext
2019-03-05 07:01:07,834 INFO [main] Root WebApplicationContext: initialization completed in 1379 ms
2019-03-05 07:01:08,147 INFO [main] Initializing ExecutorService 'applicationTaskExecutor'
2019-03-05 07:01:08,253 INFO [main] Adding welcome page: class path resource [static/index.html]
2019-03-05 07:01:08,316 INFO [main] Starting ProtocolHandler ["http-nio-8080"]
2019-03-05 07:01:08,343 INFO [main] Tomcat started on port(s): 8080 (http) with context path ''
2019-03-05 07:01:08,346 INFO [main] Started FileDemoApplication in 2.823 seconds (JVM running for 6.67)
2019-03-05 07:01:15,531 INFO [http-nio-8080-exec-1] Initializing Spring DispatcherServlet 'dispatcherServlet'
2019-03-05 07:01:15,532 INFO [http-nio-8080-exec-1] Initializing Servlet 'dispatcherServlet'
2019-03-05 07:01:15,550 INFO [http-nio-8080-exec-1] Completed initialization in 17 ms
2019-03-05 07:01:31,364 INFO [http-nio-8080-exec-3] Pem file found
2019-03-05 07:01:31,364 INFO [http-nio-8080-exec-3] Executing commnad: add-service-host 10.127.77.67 icrtrnd-testpod-icai01.infacloudops.net tomcat \"icrt ois b2b\"from node: 10.127.77.67
2019-03-05 07:01:33,594 INFO [http-nio-8080-exec-3] command execution done
2019-03-05 07:02:10,618 INFO [http-nio-8080-exec-7] Pem file found
2019-03-05 07:02:10,619 INFO [http-nio-8080-exec-7] Executing commnad: add-service-host 10.127.77.67 icrtrnd-testpod-icai01.infacloudops.net tomcat \"icrt ois b2b\"from node: 127.0.0.1
2019-03-05 07:02:14,028 INFO [http-nio-8080-exec-7] command execution done
2019-03-05 07:02:19,941 INFO [http-nio-8080-exec-1] Pem file found
2019-03-05 07:02:19,941 INFO [http-nio-8080-exec-1] Executing commnad: add-service-host 10.127.77.67 icrtrnd-testpod-icai01.infacloudops.net tomcat \"icrt ois b2b\"from node: 127.0.0.1
2019-03-05 07:02:22,973 INFO [http-nio-8080-exec-1] command execution done
2019-03-05 07:55:21,960 INFO [Thread-4] Shutting down ExecutorService 'applicationTaskExecutor'
2019-03-05 09:05:34,564 INFO [main] Starting FileDemoApplication on icrtrnd-testpod-icai01.infacloudops.net with PID 18774 (/home/ec2-user/file-demo/target/classes started by root in /home/ec2-user/file-demo)
2019-03-05 09:05:34,569 INFO [main] No active profile set, falling back to default profiles: default
2019-03-05 09:05:35,782 INFO [main] Tomcat initialized with port(s): 8080 (http)
2019-03-05 09:05:35,808 INFO [main] Initializing ProtocolHandler ["http-nio-8080"]
2019-03-05 09:05:35,832 INFO [main] Starting service [Tomcat]
2019-03-05 09:05:35,832 INFO [main] Starting Servlet engine: [Apache Tomcat/9.0.14]
2019-03-05 09:05:35,852 INFO [main] The APR based Apache Tomcat Native library which allows optimal performance in production environments was not found on the java.library.path: [/usr/java/packages/lib/amd64:/usr/lib64:/lib64:/lib:/usr/lib]
2019-03-05 09:05:35,925 INFO [main] Initializing Spring embedded WebApplicationContext
2019-03-05 09:05:35,926 INFO [main] Root WebApplicationContext: initialization completed in 1313 ms
2019-03-05 09:05:36,161 INFO [main] Initializing ExecutorService 'applicationTaskExecutor'
2019-03-05 09:05:36,287 INFO [main] Adding welcome page: class path resource [static/index.html]
2019-03-05 09:05:36,364 INFO [main] Starting ProtocolHandler ["http-nio-8080"]
2019-03-05 09:05:36,392 INFO [main] Tomcat started on port(s): 8080 (http) with context path ''
2019-03-05 09:05:36,401 INFO [main] Started FileDemoApplication in 2.647 seconds (JVM running for 6.439)
2019-03-05 09:05:45,469 INFO [http-nio-8080-exec-1] Initializing Spring DispatcherServlet 'dispatcherServlet'
2019-03-05 09:05:45,470 INFO [http-nio-8080-exec-1] Initializing Servlet 'dispatcherServlet'
2019-03-05 09:05:45,477 INFO [http-nio-8080-exec-1] Completed initialization in 6 ms
2019-03-05 09:08:22,466 WARN [http-nio-8080-exec-3] Resolved [org.springframework.web.bind.MissingRequestHeaderException: Missing request header 'X-FORWARDED-HOSTNAME' for method parameter of type String]
2019-03-05 09:13:13,561 INFO [http-nio-8080-exec-6] Pem file found
2019-03-05 09:13:13,562 INFO [http-nio-8080-exec-6] Executing commnad: add-service-host 10.127.77.67 icrtrnd-testpod-icai01.infacloudops.net tomcat \"icrt\"from node: icrtrnd-testpod-icai01.infacloudops.net/10.127.77.67
2019-03-05 09:13:15,327 INFO [http-nio-8080-exec-6] command execution done
2019-03-05 09:25:14,069 INFO [main] Starting FileDemoApplication on icrtrnd-testpod-icai01.infacloudops.net with PID 19323 (/home/ec2-user/file-demo/target/classes started by root in /home/ec2-user/file-demo)
2019-03-05 09:25:14,074 INFO [main] No active profile set, falling back to default profiles: default
2019-03-05 09:25:15,663 INFO [main] Tomcat initialized with port(s): 8080 (http)
2019-03-05 09:25:15,681 INFO [main] Initializing ProtocolHandler ["http-nio-8080"]
2019-03-05 09:25:15,693 INFO [main] Starting service [Tomcat]
2019-03-05 09:25:15,694 INFO [main] Starting Servlet engine: [Apache Tomcat/9.0.14]
2019-03-05 09:25:15,704 INFO [main] The APR based Apache Tomcat Native library which allows optimal performance in production environments was not found on the java.library.path: [/usr/java/packages/lib/amd64:/usr/lib64:/lib64:/lib:/usr/lib]
2019-03-05 09:25:15,803 INFO [main] Initializing Spring embedded WebApplicationContext
2019-03-05 09:25:15,805 INFO [main] Root WebApplicationContext: initialization completed in 1654 ms
2019-03-05 09:25:16,162 INFO [main] Initializing ExecutorService 'applicationTaskExecutor'
2019-03-05 09:25:16,263 INFO [main] Adding welcome page: class path resource [static/index.html]
2019-03-05 09:25:16,321 INFO [main] Starting ProtocolHandler ["http-nio-8080"]
2019-03-05 09:25:16,332 ERROR [main] Failed to start component [Connector[HTTP/1.1-8080]]
org.apache.catalina.LifecycleException: Protocol handler start failed
	at org.apache.catalina.connector.Connector.startInternal(Connector.java:1004)
	at org.apache.catalina.util.LifecycleBase.start(LifecycleBase.java:183)
	at org.apache.catalina.core.StandardService.addConnector(StandardService.java:226)
	at org.springframework.boot.web.embedded.tomcat.TomcatWebServer.addPreviouslyRemovedConnectors(TomcatWebServer.java:259)
	at org.springframework.boot.web.embedded.tomcat.TomcatWebServer.start(TomcatWebServer.java:197)
	at org.springframework.boot.web.servlet.context.ServletWebServerApplicationContext.startWebServer(ServletWebServerApplicationContext.java:311)
	at org.springframework.boot.web.servlet.context.ServletWebServerApplicationContext.finishRefresh(ServletWebServerApplicationContext.java:164)
	at org.springframework.context.support.AbstractApplicationContext.refresh(AbstractApplicationContext.java:549)
	at org.springframework.boot.web.servlet.context.ServletWebServerApplicationContext.refresh(ServletWebServerApplicationContext.java:142)
	at org.springframework.boot.SpringApplication.refresh(SpringApplication.java:775)
	at org.springframework.boot.SpringApplication.refreshContext(SpringApplication.java:397)
	at org.springframework.boot.SpringApplication.run(SpringApplication.java:316)
	at org.springframework.boot.SpringApplication.run(SpringApplication.java:1260)
	at org.springframework.boot.SpringApplication.run(SpringApplication.java:1248)
	at com.example.filedemo.FileDemoApplication.main(FileDemoApplication.java:15)
	at sun.reflect.NativeMethodAccessorImpl.invoke0(Native Method)
	at sun.reflect.NativeMethodAccessorImpl.invoke(NativeMethodAccessorImpl.java:62)
	at sun.reflect.DelegatingMethodAccessorImpl.invoke(DelegatingMethodAccessorImpl.java:43)
	at java.lang.reflect.Method.invoke(Method.java:498)
	at org.springframework.boot.maven.AbstractRunMojo$LaunchRunner.run(AbstractRunMojo.java:558)
	at java.lang.Thread.run(Thread.java:748)
Caused by: java.net.BindException: Address already in use
	at sun.nio.ch.Net.bind0(Native Method)
	at sun.nio.ch.Net.bind(Net.java:433)
	at sun.nio.ch.Net.bind(Net.java:425)
	at sun.nio.ch.ServerSocketChannelImpl.bind(ServerSocketChannelImpl.java:223)
	at sun.nio.ch.ServerSocketAdaptor.bind(ServerSocketAdaptor.java:74)
	at org.apache.tomcat.util.net.NioEndpoint.initServerSocket(NioEndpoint.java:236)
	at org.apache.tomcat.util.net.NioEndpoint.bind(NioEndpoint.java:210)
	at org.apache.tomcat.util.net.AbstractEndpoint.bindWithCleanup(AbstractEndpoint.java:1085)
	at org.apache.tomcat.util.net.AbstractEndpoint.start(AbstractEndpoint.java:1171)
	at org.apache.coyote.AbstractProtocol.start(AbstractProtocol.java:568)
	at org.apache.catalina.connector.Connector.startInternal(Connector.java:1001)
	... 20 common frames omitted
2019-03-05 09:25:16,336 INFO [main] Pausing ProtocolHandler ["http-nio-8080"]
2019-03-05 09:25:16,337 INFO [main] Stopping service [Tomcat]
2019-03-05 09:25:16,343 INFO [main] The stop() method was called on component [StandardServer[-1]] after stop() had already been called. The second call will be ignored.
2019-03-05 09:25:16,343 INFO [main] Stopping ProtocolHandler ["http-nio-8080"]
2019-03-05 09:25:16,343 INFO [main] Destroying ProtocolHandler ["http-nio-8080"]
2019-03-05 09:25:16,346 INFO [main] 

Error starting ApplicationContext. To display the conditions report re-run your application with 'debug' enabled.
2019-03-05 09:25:16,347 ERROR [main] 

***************************
APPLICATION FAILED TO START
***************************

Description:

The Tomcat connector configured to listen on port 8080 failed to start. The port may already be in use or the connector may be misconfigured.

Action:

Verify the connector's configuration, identify and stop any process that's listening on port 8080, or configure this application to listen on another port.

2019-03-05 09:25:16,349 INFO [main] Shutting down ExecutorService 'applicationTaskExecutor'
2019-03-05 10:28:09,040 INFO [main] Starting FileDemoApplication on icrtrnd-testpod-icai01.infacloudops.net with PID 22944 (/home/ec2-user/file-demo/target/classes started by root in /home/ec2-user/file-demo)
2019-03-05 10:28:09,051 INFO [main] No active profile set, falling back to default profiles: default
2019-03-05 10:28:10,418 INFO [main] Tomcat initialized with port(s): 8080 (http)
2019-03-05 10:28:10,441 INFO [main] Initializing ProtocolHandler ["http-nio-8080"]
2019-03-05 10:28:10,467 INFO [main] Starting service [Tomcat]
2019-03-05 10:28:10,467 INFO [main] Starting Servlet engine: [Apache Tomcat/9.0.14]
2019-03-05 10:28:10,480 INFO [main] The APR based Apache Tomcat Native library which allows optimal performance in production environments was not found on the java.library.path: [/usr/java/packages/lib/amd64:/usr/lib64:/lib64:/lib:/usr/lib]
2019-03-05 10:28:10,554 INFO [main] Initializing Spring embedded WebApplicationContext
2019-03-05 10:28:10,554 INFO [main] Root WebApplicationContext: initialization completed in 1427 ms
2019-03-05 10:28:10,843 INFO [main] Initializing ExecutorService 'applicationTaskExecutor'
2019-03-05 10:28:10,985 INFO [main] Adding welcome page: class path resource [static/index.html]
2019-03-05 10:28:11,069 INFO [main] Starting ProtocolHandler ["http-nio-8080"]
2019-03-05 10:28:11,098 INFO [main] Tomcat started on port(s): 8080 (http) with context path ''
2019-03-05 10:28:11,102 INFO [main] Started FileDemoApplication in 2.841 seconds (JVM running for 6.76)
2019-03-05 10:28:15,469 INFO [http-nio-8080-exec-1] Initializing Spring DispatcherServlet 'dispatcherServlet'
2019-03-05 10:28:15,470 INFO [http-nio-8080-exec-1] Initializing Servlet 'dispatcherServlet'
2019-03-05 10:28:15,477 INFO [http-nio-8080-exec-1] Completed initialization in 7 ms
2019-03-05 10:29:06,676 INFO [http-nio-8080-exec-5] Pem file found
2019-03-05 10:29:06,677 INFO [http-nio-8080-exec-5] Executing commnad: add-service-host 10.127.77.67 icrtrnd-testpod-icai01.infacloudops.net tomcat \"icrt ois b2b\"from node: icrtrnd-testpod-icai01.infacloudops.net/10.127.77.67
2019-03-05 10:29:09,209 INFO [http-nio-8080-exec-5] command execution done
2019-03-05 11:11:48,779 INFO [Thread-4] Shutting down ExecutorService 'applicationTaskExecutor'
