2019-03-04 06:36:50,107 INFO [main] Starting FileDemoApplication on icrtrnd-testpod-icai01.infacloudops.net with PID 25097 (/home/ec2-user/file-demo/target/classes started by root in /home/ec2-user/file-demo)
2019-03-04 06:36:50,117 INFO [main] No active profile set, falling back to default profiles: default
2019-03-04 06:36:51,534 INFO [main] Tomcat initialized with port(s): 8080 (http)
2019-03-04 06:36:51,559 INFO [main] Initializing ProtocolHandler ["http-nio-8080"]
2019-03-04 06:36:51,569 INFO [main] Starting service [Tomcat]
2019-03-04 06:36:51,570 INFO [main] Starting Servlet engine: [Apache Tomcat/9.0.14]
2019-03-04 06:36:51,581 INFO [main] The APR based Apache Tomcat Native library which allows optimal performance in production environments was not found on the java.library.path: [/usr/java/packages/lib/amd64:/usr/lib64:/lib64:/lib:/usr/lib]
2019-03-04 06:36:51,650 INFO [main] Initializing Spring embedded WebApplicationContext
2019-03-04 06:36:51,650 INFO [main] Root WebApplicationContext: initialization completed in 1454 ms
2019-03-04 06:36:51,943 INFO [main] Initializing ExecutorService 'applicationTaskExecutor'
2019-03-04 06:36:52,047 INFO [main] Adding welcome page: class path resource [static/index.html]
2019-03-04 06:36:52,107 INFO [main] Starting ProtocolHandler ["http-nio-8080"]
2019-03-04 06:36:52,136 INFO [main] Tomcat started on port(s): 8080 (http) with context path ''
2019-03-04 06:36:52,140 INFO [main] Started FileDemoApplication in 2.996 seconds (JVM running for 7.35)
2019-03-04 06:37:45,703 INFO [http-nio-8080-exec-1] Initializing Spring DispatcherServlet 'dispatcherServlet'
2019-03-04 06:37:45,709 INFO [http-nio-8080-exec-1] Initializing Servlet 'dispatcherServlet'
2019-03-04 06:37:45,725 INFO [http-nio-8080-exec-1] Completed initialization in 16 ms
2019-03-04 06:47:16,676 INFO [http-nio-8080-exec-4] File Updated succesfully
2019-03-04 06:47:16,676 INFO [http-nio-8080-exec-4] Property file updated
2019-03-04 06:47:16,677 INFO [http-nio-8080-exec-4] File permissions updated
2019-03-04 06:53:40,945 INFO [http-nio-8080-exec-4] Pem file found
2019-03-04 06:53:40,946 INFO [http-nio-8080-exec-4] Executing commnad: cd /home/ec2-user/hydrant-prod-pop && ./prod.sh /home/ec2-user/file-demo/upload/readme.txt prod "add-haproxy-host 10.127.77.67 icrtrnd-testpod-icai01.infacloudops.net tomcat "icrt""
2019-03-04 06:53:41,553 INFO [http-nio-8080-exec-4] command execution done
2019-03-04 06:54:31,358 INFO [http-nio-8080-exec-3] Pem file found
2019-03-04 06:54:31,358 INFO [http-nio-8080-exec-3] Executing commnad: cd /home/ec2-user/hydrant-prod-pop && ./prod.sh /home/ec2-user/file-demo/upload/readme.txt prod "add-haproxy-host 10.127.77.67 icrtrnd-testpod-icai01.infacloudops.net tomcat "icrt""
2019-03-04 06:54:31,370 INFO [http-nio-8080-exec-3] command execution done
2019-03-04 06:58:08,539 INFO [http-nio-8080-exec-4] Pem file found
2019-03-04 06:58:08,539 INFO [http-nio-8080-exec-4] Executing commnad: cd /home/ec2-user/hydrant-prod-pop && ./prod.sh /home/ec2-user/file-demo/upload/readme.txt prod "add-haproxy-host 10.127.77.67 icrtrnd-testpod-icai01.infacloudops.net tomcat "icrt""
2019-03-04 06:58:08,547 INFO [http-nio-8080-exec-4] command execution done
2019-03-04 06:59:23,644 INFO [http-nio-8080-exec-7] Pem file found
2019-03-04 06:59:23,644 INFO [http-nio-8080-exec-7] Executing commnad: cd /home/ec2-user/hydrant-prod-pop && ./prod.sh /home/ec2-user/file-demo/upload/readme.txt prod "add-haproxy-host 10.127.77.67 icrtrnd-testpod-icai01.infacloudops.net tomcat "icrt""
2019-03-04 06:59:23,651 INFO [http-nio-8080-exec-7] command execution done
2019-03-04 06:59:57,262 INFO [http-nio-8080-exec-1] Pem file found
2019-03-04 06:59:57,262 INFO [http-nio-8080-exec-1] Executing commnad: cd /home/ec2-user/hydrant-prod-pop && ./prod.sh /home/ec2-user/file-demo/upload/readme.txt prod "add-haproxy-host 10.127.77.67 icrtrnd-testpod-icai01.infacloudops.net tomcat "icrt""
2019-03-04 06:59:57,266 INFO [http-nio-8080-exec-1] command execution done
2019-03-04 07:06:37,005 INFO [http-nio-8080-exec-5] Pem file found
2019-03-04 07:06:37,005 INFO [http-nio-8080-exec-5] Executing commnad: cd /home/ec2-user/hydrant-prod-pop && ./prod.sh /home/ec2-user/file-demo/upload/readme.txt prod "add-haproxy-host 10.127.77.67 icrtrnd-testpod-icai01.infacloudops.net tomcat "
2019-03-04 07:06:37,016 INFO [http-nio-8080-exec-5] command execution done
2019-03-04 07:08:39,221 INFO [http-nio-8080-exec-8] Pem file found
2019-03-04 07:08:39,221 INFO [http-nio-8080-exec-8] Executing commnad: cd /home/ec2-user/hydrant-prod-pop && ./prod.sh /home/ec2-user/file-demo/upload/readme.txt prod "add-haproxy-host 10.127.77.67 icrtrnd-testpod-icai01.infacloudops.net tomcat quotesicrtquotes"
2019-03-04 07:08:39,227 INFO [http-nio-8080-exec-8] command execution done
2019-03-04 07:11:50,026 INFO [http-nio-8080-exec-10] Pem file found
2019-03-04 07:11:50,027 INFO [http-nio-8080-exec-10] Executing commnad: cd /home/ec2-user/hydrant-prod-pop && ./prod.sh /home/ec2-user/file-demo/upload/readme.txt prod "add-haproxy-host 10.127.77.67 icrtrnd-testpod-icai01.infacloudops.net tomcat quotesicrtquotes"
2019-03-04 07:11:50,035 INFO [http-nio-8080-exec-10] command execution done
2019-03-04 07:13:23,000 INFO [http-nio-8080-exec-2] Pem file found
2019-03-04 07:13:23,000 INFO [http-nio-8080-exec-2] Executing commnad: cd /home/ec2-user/hydrant-prod-pop && ./prod.sh /home/ec2-user/file-demo/upload/readme.txt prod "add-haproxy-host 10.127.77.67 icrtrnd-testpod-icai01.infacloudops.net tomcat quotesicrtquotes"
2019-03-04 07:13:23,009 INFO [http-nio-8080-exec-2] command execution done
2019-03-04 07:17:16,941 INFO [http-nio-8080-exec-6] Pem file found
2019-03-04 07:17:16,942 INFO [http-nio-8080-exec-6] Executing commnad: cd /home/ec2-user/hydrant-prod-pop && ./prod.sh /home/ec2-user/file-demo/upload/readme.txt prod "add-haproxy-host 10.127.77.67 icrtrnd-testpod-icai01.infacloudops.net tomcat quotesicrtquotes"
2019-03-04 07:17:16,949 INFO [http-nio-8080-exec-6] command execution done
2019-03-04 07:17:34,464 INFO [http-nio-8080-exec-10] Pem file found
2019-03-04 07:17:34,464 INFO [http-nio-8080-exec-10] Executing commnad: cd /home/ec2-user/hydrant-prod-pop && ./prod.sh /home/ec2-user/file-demo/upload/readme.txt prod "add-haproxy-host 10.127.77.67 icrtrnd-testpod-icai01.infacloudops.net tomcat quotesicrtquotes"
2019-03-04 07:17:34,469 INFO [http-nio-8080-exec-10] command execution done
2019-03-04 07:28:52,241 INFO [http-nio-8080-exec-1] Pem file found
2019-03-04 07:28:52,242 INFO [http-nio-8080-exec-1] Executing commnad: cd /home/ec2-user/hydrant-prod-pop && ./prod.sh /home/ec2-user/file-demo/upload/readme.txt prod "add-haproxy-host 10.127.77.67 icrtrnd-testpod-icai01.infacloudops.net tomcat quotesicrtquotes"
2019-03-04 07:28:52,254 INFO [http-nio-8080-exec-1] command execution done
2019-03-04 07:36:17,580 INFO [http-nio-8080-exec-1] Pem file found
2019-03-04 07:36:17,580 INFO [http-nio-8080-exec-1] Executing commnad: cd /home/ec2-user/hydrant-prod-pop && ./prod.sh /home/ec2-user/file-demo/upload/readme.txt prod "add-haproxy-host 10.127.77.67 icrtrnd-testpod-icai01.infacloudops.net tomcat quotesicrtquotes"
2019-03-04 07:36:17,586 INFO [http-nio-8080-exec-1] command execution done
2019-03-04 07:37:31,322 INFO [http-nio-8080-exec-1] Pem file found
2019-03-04 07:37:31,322 INFO [http-nio-8080-exec-1] Executing commnad: cd /home/ec2-user/hydrant-prod-pop && ./prod.sh /home/ec2-user/file-demo/upload/readme.txt prod "add-haproxy-host 10.127.77.67 icrtrnd-testpod-icai01.infacloudops.net tomcat "
2019-03-04 07:37:31,330 INFO [http-nio-8080-exec-1] command execution done
2019-03-04 07:44:57,469 INFO [Thread-4] Shutting down ExecutorService 'applicationTaskExecutor'
2019-03-04 08:46:55,902 INFO [main] Starting FileDemoApplication on icrtrnd-testpod-icai01.infacloudops.net with PID 27625 (/home/ec2-user/file-demo/target/classes started by root in /home/ec2-user/file-demo)
2019-03-04 08:46:55,908 INFO [main] No active profile set, falling back to default profiles: default
2019-03-04 08:46:57,475 INFO [main] Tomcat initialized with port(s): 8080 (http)
2019-03-04 08:46:57,494 INFO [main] Initializing ProtocolHandler ["http-nio-8080"]
2019-03-04 08:46:57,513 INFO [main] Starting service [Tomcat]
2019-03-04 08:46:57,514 INFO [main] Starting Servlet engine: [Apache Tomcat/9.0.14]
2019-03-04 08:46:57,526 INFO [main] The APR based Apache Tomcat Native library which allows optimal performance in production environments was not found on the java.library.path: [/usr/java/packages/lib/amd64:/usr/lib64:/lib64:/lib:/usr/lib]
2019-03-04 08:46:57,606 INFO [main] Initializing Spring embedded WebApplicationContext
2019-03-04 08:46:57,607 INFO [main] Root WebApplicationContext: initialization completed in 1630 ms
2019-03-04 08:46:57,882 INFO [main] Initializing ExecutorService 'applicationTaskExecutor'
2019-03-04 08:46:58,015 INFO [main] Adding welcome page: class path resource [static/index.html]
2019-03-04 08:46:58,094 INFO [main] Starting ProtocolHandler ["http-nio-8080"]
2019-03-04 08:46:58,128 INFO [main] Tomcat started on port(s): 8080 (http) with context path ''
2019-03-04 08:46:58,133 INFO [main] Started FileDemoApplication in 2.875 seconds (JVM running for 5.962)
2019-03-04 08:47:15,470 INFO [http-nio-8080-exec-1] Initializing Spring DispatcherServlet 'dispatcherServlet'
2019-03-04 08:47:15,475 INFO [http-nio-8080-exec-1] Initializing Servlet 'dispatcherServlet'
2019-03-04 08:47:15,483 INFO [http-nio-8080-exec-1] Completed initialization in 8 ms
2019-03-04 08:47:20,302 INFO [http-nio-8080-exec-3] Pem file found
2019-03-04 08:47:20,303 INFO [http-nio-8080-exec-3] Executing commnad: cd /home/ec2-user/hydrant-prod-pop && ./prod.sh /home/ec2-user/file-demo/upload/readme.txt prod "add-haproxy-host 10.127.77.67 icrtrnd-testpod-icai01.infacloudops.net tomcat "
2019-03-04 08:47:20,322 INFO [http-nio-8080-exec-3] command execution done
2019-03-04 08:49:20,707 INFO [http-nio-8080-exec-3] Pem file found
2019-03-04 08:49:20,713 INFO [http-nio-8080-exec-3] Executing commnad: cd /home/ec2-user/hydrant-prod-pop && ./prod.sh /home/ec2-user/file-demo/upload/readme.txt prod "add-haproxy-host 10.127.77.67 icrtrnd-testpod-icai01.infacloudops.net tomcat @!quotes@!icrt@!quotes@!"
2019-03-04 08:49:20,732 INFO [http-nio-8080-exec-3] command execution done
2019-03-04 08:49:49,380 INFO [http-nio-8080-exec-7] Pem file found
2019-03-04 08:49:49,380 INFO [http-nio-8080-exec-7] Executing commnad: cd /home/ec2-user/hydrant-prod-pop && ./prod.sh /home/ec2-user/file-demo/upload/readme.txt prod "add-haproxy-host 10.127.77.67 icrtrnd-testpod-icai01.infacloudops.net tomcat @!quotes@!icrt@!quotes@!"
2019-03-04 08:49:49,385 INFO [http-nio-8080-exec-7] command execution done
2019-03-04 09:37:42,570 INFO [Thread-4] Shutting down ExecutorService 'applicationTaskExecutor'
2019-03-04 09:42:08,992 DEBUG [background-preinit] Loaded expression factory via original TCCL
2019-03-04 09:42:09,168 INFO [main] Starting FileDemoApplication on icrtrnd-testpod-icai01.infacloudops.net with PID 32354 (/home/ec2-user/file-demo/target/classes started by root in /home/ec2-user/file-demo)
2019-03-04 09:42:09,171 INFO [main] No active profile set, falling back to default profiles: default
2019-03-04 09:42:10,674 INFO [main] Tomcat initialized with port(s): 8080 (http)
2019-03-04 09:42:10,693 INFO [main] Initializing ProtocolHandler ["http-nio-8080"]
2019-03-04 09:42:10,708 INFO [main] Starting service [Tomcat]
2019-03-04 09:42:10,708 INFO [main] Starting Servlet engine: [Apache Tomcat/9.0.14]
2019-03-04 09:42:10,719 INFO [main] The APR based Apache Tomcat Native library which allows optimal performance in production environments was not found on the java.library.path: [/usr/java/packages/lib/amd64:/usr/lib64:/lib64:/lib:/usr/lib]
2019-03-04 09:42:10,793 INFO [main] Initializing Spring embedded WebApplicationContext
2019-03-04 09:42:10,794 INFO [main] Root WebApplicationContext: initialization completed in 1546 ms
2019-03-04 09:42:11,043 INFO [main] Initializing ExecutorService 'applicationTaskExecutor'
2019-03-04 09:42:11,169 INFO [main] Adding welcome page: class path resource [static/index.html]
2019-03-04 09:42:11,228 INFO [main] Starting ProtocolHandler ["http-nio-8080"]
2019-03-04 09:42:11,255 INFO [main] Tomcat started on port(s): 8080 (http) with context path ''
2019-03-04 09:42:11,259 INFO [main] Started FileDemoApplication in 2.666 seconds (JVM running for 5.959)
2019-03-04 09:42:15,460 INFO [http-nio-8080-exec-1] Initializing Spring DispatcherServlet 'dispatcherServlet'
2019-03-04 09:42:15,460 INFO [http-nio-8080-exec-1] Initializing Servlet 'dispatcherServlet'
2019-03-04 09:42:15,469 INFO [http-nio-8080-exec-1] Completed initialization in 9 ms
2019-03-04 09:42:34,162 INFO [http-nio-8080-exec-3] Pem file found
2019-03-04 09:42:34,162 INFO [http-nio-8080-exec-3] Executing commnad: cd /home/ec2-user/hydrant-prod-pop && ./prod.sh /home/ec2-user/file-demo/upload/readme.txt prod "add-haproxy-host 10.127.77.67 icrtrnd-testpod-icai01.infacloudops.net tomcat @!quotes@!icrt@!quotes@!"
2019-03-04 09:42:34,177 INFO [http-nio-8080-exec-3] command execution done
2019-03-04 09:45:23,055 INFO [http-nio-8080-exec-7] Pem file found
2019-03-04 09:45:23,055 INFO [http-nio-8080-exec-7] Executing commnad: cd /home/ec2-user/hydrant-prod-pop && ./prod.sh /home/ec2-user/file-demo/upload/readme.txt prod "add-haproxy-host 10.127.77.67 icrtrnd-testpod-icai01.infacloudops.net tomcat @!quotes@!icrt ois@!quotes@!"
2019-03-04 09:45:23,067 INFO [http-nio-8080-exec-7] command execution done
2019-03-04 09:47:24,390 INFO [http-nio-8080-exec-7] Pem file found
2019-03-04 09:47:24,391 INFO [http-nio-8080-exec-7] Executing commnad: cd /home/ec2-user/hydrant-prod-pop && ./prod.sh /home/ec2-user/file-demo/upload/readme.txt prod "add-haproxy-host 10.127.77.67 icrtrnd-testpod-icai01.infacloudops.net tomcat @!quotes@!icrt ois@!quotes@!"
2019-03-04 09:47:25,451 INFO [http-nio-8080-exec-7] command execution done
2019-03-04 09:48:15,925 INFO [http-nio-8080-exec-4] Pem file found
2019-03-04 09:48:15,926 INFO [http-nio-8080-exec-4] Executing commnad: cd /home/ec2-user/hydrant-prod-pop && ./prod.sh null staging "add-haproxy-host 10.127.77.67 icrtrnd-testpod-icai01.infacloudops.net tomcat @!quotes@!icrt ois@!quotes@!"
2019-03-04 09:48:16,757 INFO [http-nio-8080-exec-4] command execution done
2019-03-04 09:48:33,015 INFO [http-nio-8080-exec-7] Pem file found
2019-03-04 09:48:33,015 INFO [http-nio-8080-exec-7] Executing commnad: cd /home/ec2-user/hydrant-prod-pop && ./prod.sh null staging "add-haproxy-host 10.127.77.67 icrtrnd-testpod-icai01.infacloudops.net tomcat @!quotes@!icrt ois@!quotes@!"
2019-03-04 09:48:34,114 INFO [http-nio-8080-exec-7] command execution done
2019-03-04 09:50:05,734 INFO [http-nio-8080-exec-9] Pem file found
2019-03-04 09:50:05,734 INFO [http-nio-8080-exec-9] Executing commnad: cd /home/ec2-user/hydrant-prod-pop && ./prod.sh null staging "add-haproxy-host 10.127.77.67 icrtrnd-testpod-icai01.infacloudops.net tomcat @!quotes@!icrt@!quotes@!"
2019-03-04 09:50:07,173 INFO [http-nio-8080-exec-9] command execution done
2019-03-04 09:54:05,537 INFO [http-nio-8080-exec-8] Pem file found
2019-03-04 09:54:05,538 INFO [http-nio-8080-exec-8] Executing commnad: cd /home/ec2-user/hydrant-prod-pop && ./prod.sh null staging "add-haproxy-host 10.127.77.67 icrtrnd-testpod-icai03.infacloudops.net tomcat @!quotes@!icrt@!quotes@!"
2019-03-04 09:54:06,647 INFO [http-nio-8080-exec-8] command execution done
2019-03-04 09:56:16,010 INFO [http-nio-8080-exec-3] Pem file found
2019-03-04 09:56:16,010 INFO [http-nio-8080-exec-3] Executing commnad: cd /home/ec2-user/hydrant-prod-pop && ./prod.sh null staging "add-haproxy-host 10.127.77.67 icrtrnd-testpod-icai03.infacloudops.net tomcat @!quotes@!icrt@!quotes@!"
2019-03-04 09:56:17,453 INFO [http-nio-8080-exec-3] command execution done
2019-03-04 10:03:29,053 INFO [http-nio-8080-exec-8] Pem file found
2019-03-04 10:03:29,053 INFO [http-nio-8080-exec-8] Executing commnad: cd /home/ec2-user/hydrant-prod-pop && ./prod.sh null staging "add-haproxy-host 10.127.77.67 icrtrnd-testpod-icai03.infacloudops.net tomcat @!quotes@!icrt@!quotes@!"
2019-03-04 10:03:30,016 INFO [http-nio-8080-exec-8] command execution done
2019-03-04 10:12:36,817 INFO [http-nio-8080-exec-9] Pem file found
2019-03-04 10:12:36,818 INFO [http-nio-8080-exec-9] Executing commnad: cd /home/ec2-user/hydrant-prod-pop && ./prod.sh null staging "add-haproxy-host 10.127.77.67 icrtrnd-testpod-icai03.infacloudops.net tomcat @!quotes@!icrt@!quotes@!"
2019-03-04 10:12:36,826 INFO [http-nio-8080-exec-9] command execution done
2019-03-04 10:12:56,677 INFO [http-nio-8080-exec-1] Pem file found
2019-03-04 10:12:56,678 INFO [http-nio-8080-exec-1] Executing commnad: cd /home/ec2-user/hydrant-prod-pop && ./prod.sh null staging "add-haproxy-host 10.127.77.67 icrtrnd-testpod-icai03.infacloudops.net tomcat @!quotes@!icrt@!quotes@!"
2019-03-04 10:12:57,582 INFO [http-nio-8080-exec-1] command execution done
2019-03-04 10:16:55,049 INFO [http-nio-8080-exec-9] Pem file found
2019-03-04 10:16:55,049 INFO [http-nio-8080-exec-9] Executing commnad: cd /home/ec2-user/hydrant-prod-pop && ./prod.sh null staging "add-haproxy-host 10.127.77.67 icrtrnd-testpod-icai03.infacloudops.net tomcat @!quotes@!icrt@!quotes@!"
2019-03-04 10:16:55,716 INFO [http-nio-8080-exec-9] command execution done
2019-03-04 10:22:35,579 INFO [http-nio-8080-exec-4] File Updated succesfully
2019-03-04 10:22:35,579 INFO [http-nio-8080-exec-4] Property file updated
2019-03-04 10:22:35,579 INFO [http-nio-8080-exec-4] File permissions updated
2019-03-04 10:22:52,308 INFO [http-nio-8080-exec-9] Pem file found
2019-03-04 10:22:52,308 INFO [http-nio-8080-exec-9] Executing commnad: cd /home/ec2-user/hydrant-prod-pop && ./prod.sh /home/ec2-user/file-demo/upload/icrtkey2.pem staging "add-haproxy-host 10.127.77.67 icrtrnd-testpod-icai03.infacloudops.net tomcat @!quotes@!icrt@!quotes@!"
2019-03-04 10:22:52,901 INFO [http-nio-8080-exec-9] command execution done
2019-03-04 10:23:08,184 INFO [http-nio-8080-exec-10] Pem file found
2019-03-04 10:23:08,185 INFO [http-nio-8080-exec-10] Executing commnad: cd /home/ec2-user/hydrant-prod-pop && ./prod.sh /home/ec2-user/file-demo/upload/icrtkey2.pem staging "add-haproxy-host 10.127.77.67 icrtrnd-testpod-icai03.infacloudops.net tomcat @!quotes@!icrt ois@!quotes@!"
2019-03-04 10:23:08,881 INFO [http-nio-8080-exec-10] command execution done
2019-03-04 10:23:24,883 INFO [http-nio-8080-exec-6] Pem file found
2019-03-04 10:23:24,884 INFO [http-nio-8080-exec-6] Executing commnad: cd /home/ec2-user/hydrant-prod-pop && ./prod.sh /home/ec2-user/file-demo/upload/icrtkey2.pem staging "add-haproxy-host 10.127.77.67 icrtrnd-testpod-icai05.infacloudops.net tomcat @!quotes@!icrt ois@!quotes@!"
2019-03-04 10:23:25,391 INFO [http-nio-8080-exec-6] command execution done
2019-03-04 10:29:35,579 INFO [Thread-4] Shutting down ExecutorService 'applicationTaskExecutor'
2019-03-04 11:12:01,897 INFO [main] Starting FileDemoApplication on icrtrnd-testpod-icai01.infacloudops.net with PID 4338 (/home/ec2-user/file-demo/target/classes started by root in /home/ec2-user/file-demo)
2019-03-04 11:12:01,909 INFO [main] No active profile set, falling back to default profiles: default
2019-03-04 11:12:03,367 INFO [main] Tomcat initialized with port(s): 8080 (http)
2019-03-04 11:12:03,394 INFO [main] Initializing ProtocolHandler ["http-nio-8080"]
2019-03-04 11:12:03,415 INFO [main] Starting service [Tomcat]
2019-03-04 11:12:03,417 INFO [main] Starting Servlet engine: [Apache Tomcat/9.0.14]
2019-03-04 11:12:03,429 INFO [main] The APR based Apache Tomcat Native library which allows optimal performance in production environments was not found on the java.library.path: [/usr/java/packages/lib/amd64:/usr/lib64:/lib64:/lib:/usr/lib]
2019-03-04 11:12:03,520 INFO [main] Initializing Spring embedded WebApplicationContext
2019-03-04 11:12:03,526 INFO [main] Root WebApplicationContext: initialization completed in 1536 ms
2019-03-04 11:12:03,814 INFO [main] Initializing ExecutorService 'applicationTaskExecutor'
2019-03-04 11:12:03,938 INFO [main] Adding welcome page: class path resource [static/index.html]
2019-03-04 11:12:04,013 INFO [main] Starting ProtocolHandler ["http-nio-8080"]
2019-03-04 11:12:04,045 INFO [main] Tomcat started on port(s): 8080 (http) with context path ''
2019-03-04 11:12:04,049 INFO [main] Started FileDemoApplication in 2.732 seconds (JVM running for 6.103)
2019-03-04 11:12:15,458 INFO [http-nio-8080-exec-1] Initializing Spring DispatcherServlet 'dispatcherServlet'
2019-03-04 11:12:15,458 INFO [http-nio-8080-exec-1] Initializing Servlet 'dispatcherServlet'
2019-03-04 11:12:15,470 INFO [http-nio-8080-exec-1] Completed initialization in 11 ms
2019-03-04 11:12:23,678 INFO [http-nio-8080-exec-3] Pem file found
2019-03-04 11:12:23,678 INFO [http-nio-8080-exec-3] Executing commnad: cd /home/ec2-user/hydrant-prod-pop && ./prod.sh /home/ec2-user/file-demo/upload/icrtkey2.pem staging "add-service-host 10.127.77.67 icrtrnd-testpod-icai01.infacloudops.net tomcat @!quotes@!icrt ois@!quotes@!"
2019-03-04 11:12:24,146 INFO [http-nio-8080-exec-3] command execution done
2019-03-04 11:14:43,011 INFO [http-nio-8080-exec-3] Pem file found
2019-03-04 11:14:43,012 INFO [http-nio-8080-exec-3] Executing commnad: cd /home/ec2-user/hydrant-prod-pop && ./prod.sh /home/ec2-user/file-demo/upload/icrtkey2.pem staging "add-service-host 10.127.77.67 icrtrnd-testpod-icai01.infacloudops.net tomcat @!quotes@!icrt@!quotes@!"
2019-03-04 11:14:43,815 INFO [http-nio-8080-exec-3] command execution done
2019-03-04 11:19:24,628 INFO [http-nio-8080-exec-9] Pem file found
2019-03-04 11:19:24,628 INFO [http-nio-8080-exec-9] Executing commnad: cd /home/ec2-user/hydrant-prod-pop && ./prod.sh /home/ec2-user/file-demo/upload/icrtkey2.pem staging "add-haproxy-host 10.127.77.67 icrtrnd-testpod-icai02.infacloudops.net tomcat @!quotes@!icrt@!quotes@!"
2019-03-04 11:19:25,832 INFO [http-nio-8080-exec-9] command execution done
2019-03-04 11:21:22,016 INFO [http-nio-8080-exec-4] Pem file found
2019-03-04 11:21:22,017 INFO [http-nio-8080-exec-4] Executing commnad: cd /home/ec2-user/hydrant-prod-pop && ./prod.sh /home/ec2-user/file-demo/upload/icrtkey2.pem staging "add-service-host 10.127.77.67 icrtrnd-testpod-icai01.infacloudops.net tomcat @!quotes@!icrt@!quotes@!"
2019-03-04 11:21:22,564 INFO [http-nio-8080-exec-4] command execution done
2019-03-04 11:22:16,973 INFO [http-nio-8080-exec-3] Pem file found
2019-03-04 11:22:16,973 INFO [http-nio-8080-exec-3] Executing commnad: cd /home/ec2-user/hydrant-prod-pop && ./prod.sh /home/ec2-user/file-demo/upload/icrtkey2.pem staging "add-service-host 10.127.77.67 icrtrnd-testpod-icai01.infacloudops.net tomcat @!quotes@!icrt@!quotes@!"
2019-03-04 11:22:17,898 INFO [http-nio-8080-exec-3] command execution done
2019-03-04 11:23:26,640 INFO [http-nio-8080-exec-3] Pem file found
2019-03-04 11:23:26,640 INFO [http-nio-8080-exec-3] Executing commnad: cd /home/ec2-user/hydrant-prod-pop && ./prod.sh /home/ec2-user/file-demo/upload/icrtkey2.pem staging "add-service-host 10.127.77.67 icrtrnd-testpod-icai02.infacloudops.net tomcat @!quotes@!icrt@!quotes@!"
2019-03-04 11:23:27,236 INFO [http-nio-8080-exec-3] command execution done
2019-03-04 11:24:56,022 INFO [http-nio-8080-exec-4] Pem file found
2019-03-04 11:24:56,022 INFO [http-nio-8080-exec-4] Executing commnad: cd /home/ec2-user/hydrant-prod-pop && ./prod.sh /home/ec2-user/file-demo/upload/icrtkey2.pem staging "add-service-host 10.127.77.67 icrtrnd-testpod-icai02.infacloudops.net tomcat @!quotes@!icrt@!quotes@!"
2019-03-04 11:24:56,029 INFO [http-nio-8080-exec-4] command execution done
2019-03-04 11:30:03,264 INFO [http-nio-8080-exec-2] Pem file found
2019-03-04 11:30:03,265 INFO [http-nio-8080-exec-2] Executing commnad: cd /home/ec2-user/hydrant-prod-pop && ./prod.sh /home/ec2-user/file-demo/upload/icrtkey2.pem staging "add-service-host 10.127.77.67 icrtrnd-testpod-icai05.infacloudops.net tomcat @!quotes@!icrt@!quotes@!"
2019-03-04 11:30:03,275 INFO [http-nio-8080-exec-2] command execution done
2019-03-04 11:45:03,332 INFO [Thread-4] Shutting down ExecutorService 'applicationTaskExecutor'
2019-03-04 11:46:54,830 INFO [main] Starting FileDemoApplication on icrtrnd-testpod-icai01.infacloudops.net with PID 6212 (/home/ec2-user/file-demo/target/classes started by root in /home/ec2-user/file-demo)
2019-03-04 11:46:54,834 INFO [main] No active profile set, falling back to default profiles: default
2019-03-04 11:46:56,446 INFO [main] Tomcat initialized with port(s): 8080 (http)
2019-03-04 11:46:56,468 INFO [main] Initializing ProtocolHandler ["http-nio-8080"]
2019-03-04 11:46:56,484 INFO [main] Starting service [Tomcat]
2019-03-04 11:46:56,484 INFO [main] Starting Servlet engine: [Apache Tomcat/9.0.14]
2019-03-04 11:46:56,501 INFO [main] The APR based Apache Tomcat Native library which allows optimal performance in production environments was not found on the java.library.path: [/usr/java/packages/lib/amd64:/usr/lib64:/lib64:/lib:/usr/lib]
2019-03-04 11:46:56,585 INFO [main] Initializing Spring embedded WebApplicationContext
2019-03-04 11:46:56,585 INFO [main] Root WebApplicationContext: initialization completed in 1655 ms
2019-03-04 11:46:56,805 INFO [main] Initializing ExecutorService 'applicationTaskExecutor'
2019-03-04 11:46:56,912 INFO [main] Adding welcome page: class path resource [static/index.html]
2019-03-04 11:46:56,976 INFO [main] Starting ProtocolHandler ["http-nio-8080"]
2019-03-04 11:46:57,003 INFO [main] Tomcat started on port(s): 8080 (http) with context path ''
2019-03-04 11:46:57,007 INFO [main] Started FileDemoApplication in 2.828 seconds (JVM running for 6.151)
2019-03-04 11:47:15,464 INFO [http-nio-8080-exec-1] Initializing Spring DispatcherServlet 'dispatcherServlet'
2019-03-04 11:47:15,465 INFO [http-nio-8080-exec-1] Initializing Servlet 'dispatcherServlet'
2019-03-04 11:47:15,476 INFO [http-nio-8080-exec-1] Completed initialization in 11 ms
2019-03-04 11:47:47,672 INFO [http-nio-8080-exec-4] Pem file found
2019-03-04 11:47:47,672 INFO [http-nio-8080-exec-4] Executing commnad: cd /home/ec2-user/hydrant-prod-pop && ./prod.sh /home/ec2-user/file-demo/upload/icrtkey2.pem staging "add-service-host 10.127.77.67 icrtrnd-testpod-icai05.infacloudops.net tomcat @!quotes@!icrt@!quotes@!"
2019-03-04 11:47:47,700 INFO [http-nio-8080-exec-4] command execution done
2019-03-04 11:49:34,459 INFO [http-nio-8080-exec-3] Pem file found
2019-03-04 11:49:34,460 INFO [http-nio-8080-exec-3] Executing commnad: cd /home/ec2-user/hydrant-prod-pop && ./prod.sh /home/ec2-user/file-demo/upload/icrtkey2.pem staging "add-service-host 10.127.77.67 icrtrnd-testpod-icai03.infacloudops.net tomcat @!quotes@!icrt ois@!quotes@!"
2019-03-04 11:49:35,707 INFO [http-nio-8080-exec-3] command execution done
2019-03-04 19:26:31,352 INFO [main] Starting FileDemoApplication on icrtrnd-testpod-icai01.infacloudops.net with PID 19042 (/home/ec2-user/file-demo/target/classes started by root in /home/ec2-user/file-demo)
2019-03-04 19:26:31,356 INFO [main] No active profile set, falling back to default profiles: default
2019-03-04 19:26:32,721 INFO [main] Tomcat initialized with port(s): 8080 (http)
2019-03-04 19:26:32,743 INFO [main] Initializing ProtocolHandler ["http-nio-8080"]
2019-03-04 19:26:32,763 INFO [main] Starting service [Tomcat]
2019-03-04 19:26:32,763 INFO [main] Starting Servlet engine: [Apache Tomcat/9.0.14]
2019-03-04 19:26:32,782 INFO [main] The APR based Apache Tomcat Native library which allows optimal performance in production environments was not found on the java.library.path: [/usr/java/packages/lib/amd64:/usr/lib64:/lib64:/lib:/usr/lib]
2019-03-04 19:26:32,852 INFO [main] Initializing Spring embedded WebApplicationContext
2019-03-04 19:26:32,853 INFO [main] Root WebApplicationContext: initialization completed in 1436 ms
2019-03-04 19:26:33,147 INFO [main] Initializing ExecutorService 'applicationTaskExecutor'
2019-03-04 19:26:33,280 INFO [main] Adding welcome page: class path resource [static/index.html]
2019-03-04 19:26:33,356 INFO [main] Starting ProtocolHandler ["http-nio-8080"]
2019-03-04 19:26:33,390 INFO [main] Tomcat started on port(s): 8080 (http) with context path ''
2019-03-04 19:26:33,397 INFO [main] Started FileDemoApplication in 2.632 seconds (JVM running for 5.849)
2019-03-04 19:26:45,458 INFO [http-nio-8080-exec-1] Initializing Spring DispatcherServlet 'dispatcherServlet'
2019-03-04 19:26:45,458 INFO [http-nio-8080-exec-1] Initializing Servlet 'dispatcherServlet'
2019-03-04 19:26:45,465 INFO [http-nio-8080-exec-1] Completed initialization in 6 ms
2019-03-04 19:26:49,397 INFO [http-nio-8080-exec-3] Pem file found
2019-03-04 19:26:49,397 INFO [http-nio-8080-exec-3] Executing commnad: cd /home/ec2-user/hydrant-prod-pop && ./prod.sh /home/ec2-user/file-demo/upload/icrtkey2.pem staging "add-service-host 10.127.77.67 icrtrnd-testpod-icai01.infacloudops.net tomcat @!quotes@!icrt@!quotes@!"
2019-03-04 19:26:49,457 INFO [http-nio-8080-exec-3] command execution done
2019-03-04 19:27:20,022 INFO [Thread-4] Shutting down ExecutorService 'applicationTaskExecutor'
2019-03-04 19:28:00,871 INFO [main] Starting FileDemoApplication on icrtrnd-testpod-icai01.infacloudops.net with PID 19186 (/home/ec2-user/file-demo/target/classes started by root in /home/ec2-user/file-demo)
2019-03-04 19:28:00,878 INFO [main] No active profile set, falling back to default profiles: default
2019-03-04 19:28:02,173 INFO [main] Tomcat initialized with port(s): 8080 (http)
2019-03-04 19:28:02,191 INFO [main] Initializing ProtocolHandler ["http-nio-8080"]
2019-03-04 19:28:02,218 INFO [main] Starting service [Tomcat]
2019-03-04 19:28:02,219 INFO [main] Starting Servlet engine: [Apache Tomcat/9.0.14]
2019-03-04 19:28:02,232 INFO [main] The APR based Apache Tomcat Native library which allows optimal performance in production environments was not found on the java.library.path: [/usr/java/packages/lib/amd64:/usr/lib64:/lib64:/lib:/usr/lib]
2019-03-04 19:28:02,313 INFO [main] Initializing Spring embedded WebApplicationContext
2019-03-04 19:28:02,313 INFO [main] Root WebApplicationContext: initialization completed in 1367 ms
2019-03-04 19:28:02,577 INFO [main] Initializing ExecutorService 'applicationTaskExecutor'
2019-03-04 19:28:02,713 INFO [main] Adding welcome page: class path resource [static/index.html]
2019-03-04 19:28:02,781 INFO [main] Starting ProtocolHandler ["http-nio-8080"]
2019-03-04 19:28:02,803 INFO [main] Tomcat started on port(s): 8080 (http) with context path ''
2019-03-04 19:28:02,807 INFO [main] Started FileDemoApplication in 2.735 seconds (JVM running for 6.51)
2019-03-04 19:28:11,602 INFO [http-nio-8080-exec-1] Initializing Spring DispatcherServlet 'dispatcherServlet'
2019-03-04 19:28:11,604 INFO [http-nio-8080-exec-1] Initializing Servlet 'dispatcherServlet'
2019-03-04 19:28:11,621 INFO [http-nio-8080-exec-1] Completed initialization in 16 ms
2019-03-04 19:28:11,709 INFO [http-nio-8080-exec-1] Pem file found
2019-03-04 19:28:11,710 INFO [http-nio-8080-exec-1] Executing commnad: cd /home/ec2-user/hydrant-prod-pop && ./prod.sh /home/ec2-user/file-demo/upload/icrtkey2.pem staging "add-service-host 10.127.77.67 icrtrnd-testpod-icai01.infacloudops.net tomcat @!quotes@!icrt@!quotes@!"
2019-03-04 19:28:11,796 INFO [http-nio-8080-exec-1] command execution done
2019-03-04 19:29:25,240 INFO [Thread-4] Shutting down ExecutorService 'applicationTaskExecutor'
2019-03-04 19:30:57,328 INFO [main] Starting FileDemoApplication on icrtrnd-testpod-icai01.infacloudops.net with PID 19285 (/home/ec2-user/file-demo/target/classes started by root in /home/ec2-user/file-demo)
2019-03-04 19:30:57,341 INFO [main] No active profile set, falling back to default profiles: default
2019-03-04 19:30:58,678 INFO [main] Tomcat initialized with port(s): 8080 (http)
2019-03-04 19:30:58,695 INFO [main] Initializing ProtocolHandler ["http-nio-8080"]
2019-03-04 19:30:58,717 INFO [main] Starting service [Tomcat]
2019-03-04 19:30:58,717 INFO [main] Starting Servlet engine: [Apache Tomcat/9.0.14]
2019-03-04 19:30:58,729 INFO [main] The APR based Apache Tomcat Native library which allows optimal performance in production environments was not found on the java.library.path: [/usr/java/packages/lib/amd64:/usr/lib64:/lib64:/lib:/usr/lib]
2019-03-04 19:30:58,809 INFO [main] Initializing Spring embedded WebApplicationContext
2019-03-04 19:30:58,809 INFO [main] Root WebApplicationContext: initialization completed in 1387 ms
2019-03-04 19:30:59,099 INFO [main] Initializing ExecutorService 'applicationTaskExecutor'
2019-03-04 19:30:59,235 INFO [main] Adding welcome page: class path resource [static/index.html]
2019-03-04 19:30:59,311 INFO [main] Starting ProtocolHandler ["http-nio-8080"]
2019-03-04 19:30:59,340 INFO [main] Tomcat started on port(s): 8080 (http) with context path ''
2019-03-04 19:30:59,344 INFO [main] Started FileDemoApplication in 2.934 seconds (JVM running for 6.737)
2019-03-04 19:31:05,929 INFO [http-nio-8080-exec-1] Initializing Spring DispatcherServlet 'dispatcherServlet'
2019-03-04 19:31:05,930 INFO [http-nio-8080-exec-1] Initializing Servlet 'dispatcherServlet'
2019-03-04 19:31:05,938 INFO [http-nio-8080-exec-1] Completed initialization in 8 ms
2019-03-04 19:31:05,996 INFO [http-nio-8080-exec-1] Pem file found
2019-03-04 19:31:06,002 INFO [http-nio-8080-exec-1] Executing commnad: cd /home/ec2-user/hydrant-prod-pop && ./prod.sh /home/ec2-user/file-demo/upload/icrtkey2.pem staging "add-service-host 10.127.77.67 icrtrnd-testpod-icai01.infacloudops.net tomcat @!quotes@!icrt@!quotes@!"
2019-03-04 19:31:06,034 INFO [http-nio-8080-exec-1] command execution done
2019-03-04 19:31:43,685 INFO [Thread-4] Shutting down ExecutorService 'applicationTaskExecutor'
2019-03-04 19:32:17,601 INFO [main] Starting FileDemoApplication on icrtrnd-testpod-icai01.infacloudops.net with PID 19361 (/home/ec2-user/file-demo/target/classes started by root in /home/ec2-user/file-demo)
2019-03-04 19:32:17,610 INFO [main] No active profile set, falling back to default profiles: default
2019-03-04 19:32:18,965 INFO [main] Tomcat initialized with port(s): 8080 (http)
2019-03-04 19:32:18,983 INFO [main] Initializing ProtocolHandler ["http-nio-8080"]
2019-03-04 19:32:18,992 INFO [main] Starting service [Tomcat]
2019-03-04 19:32:18,992 INFO [main] Starting Servlet engine: [Apache Tomcat/9.0.14]
2019-03-04 19:32:19,004 INFO [main] The APR based Apache Tomcat Native library which allows optimal performance in production environments was not found on the java.library.path: [/usr/java/packages/lib/amd64:/usr/lib64:/lib64:/lib:/usr/lib]
2019-03-04 19:32:19,076 INFO [main] Initializing Spring embedded WebApplicationContext
2019-03-04 19:32:19,076 INFO [main] Root WebApplicationContext: initialization completed in 1394 ms
2019-03-04 19:32:19,353 INFO [main] Initializing ExecutorService 'applicationTaskExecutor'
2019-03-04 19:32:19,498 INFO [main] Adding welcome page: class path resource [static/index.html]
2019-03-04 19:32:19,576 INFO [main] Starting ProtocolHandler ["http-nio-8080"]
2019-03-04 19:32:19,606 INFO [main] Tomcat started on port(s): 8080 (http) with context path ''
2019-03-04 19:32:19,611 INFO [main] Started FileDemoApplication in 2.872 seconds (JVM running for 6.508)
2019-03-04 19:32:25,412 INFO [http-nio-8080-exec-1] Initializing Spring DispatcherServlet 'dispatcherServlet'
2019-03-04 19:32:25,413 INFO [http-nio-8080-exec-1] Initializing Servlet 'dispatcherServlet'
2019-03-04 19:32:25,429 INFO [http-nio-8080-exec-1] Completed initialization in 16 ms
2019-03-04 19:32:25,490 INFO [http-nio-8080-exec-1] Pem file found
2019-03-04 19:32:25,491 INFO [http-nio-8080-exec-1] Executing commnad: cd /home/ec2-user/hydrant-prod-pop && ./prod.sh /home/ec2-user/file-demo/upload/icrtkey2.pem staging "add-service-host 10.127.77.67 icrtrnd-testpod-icai01.infacloudops.net tomcat @!quotes@!icrt@!quotes@!"
2019-03-04 19:32:25,513 INFO [http-nio-8080-exec-1] command execution done
2019-03-04 19:34:00,397 INFO [Thread-4] Shutting down ExecutorService 'applicationTaskExecutor'
2019-03-04 19:36:57,322 INFO [main] Starting FileDemoApplication on icrtrnd-testpod-icai01.infacloudops.net with PID 19462 (/home/ec2-user/file-demo/target/classes started by root in /home/ec2-user/file-demo)
2019-03-04 19:36:57,332 INFO [main] No active profile set, falling back to default profiles: default
2019-03-04 19:36:58,672 INFO [main] Tomcat initialized with port(s): 8080 (http)
2019-03-04 19:36:58,689 INFO [main] Initializing ProtocolHandler ["http-nio-8080"]
2019-03-04 19:36:58,700 INFO [main] Starting service [Tomcat]
2019-03-04 19:36:58,700 INFO [main] Starting Servlet engine: [Apache Tomcat/9.0.14]
2019-03-04 19:36:58,717 INFO [main] The APR based Apache Tomcat Native library which allows optimal performance in production environments was not found on the java.library.path: [/usr/java/packages/lib/amd64:/usr/lib64:/lib64:/lib:/usr/lib]
2019-03-04 19:36:58,789 INFO [main] Initializing Spring embedded WebApplicationContext
2019-03-04 19:36:58,790 INFO [main] Root WebApplicationContext: initialization completed in 1368 ms
2019-03-04 19:36:59,072 INFO [main] Initializing ExecutorService 'applicationTaskExecutor'
2019-03-04 19:36:59,206 INFO [main] Adding welcome page: class path resource [static/index.html]
2019-03-04 19:36:59,271 INFO [main] Starting ProtocolHandler ["http-nio-8080"]
2019-03-04 19:36:59,292 INFO [main] Tomcat started on port(s): 8080 (http) with context path ''
2019-03-04 19:36:59,296 INFO [main] Started FileDemoApplication in 2.889 seconds (JVM running for 6.818)
2019-03-04 19:37:15,457 INFO [http-nio-8080-exec-1] Initializing Spring DispatcherServlet 'dispatcherServlet'
2019-03-04 19:37:15,460 INFO [http-nio-8080-exec-1] Initializing Servlet 'dispatcherServlet'
2019-03-04 19:37:15,467 INFO [http-nio-8080-exec-1] Completed initialization in 7 ms
2019-03-04 19:37:20,375 INFO [http-nio-8080-exec-3] Pem file found
2019-03-04 19:37:20,375 INFO [http-nio-8080-exec-3] Executing commnad: cd /home/ec2-user/hydrant-prod-pop && ./prod.sh /home/ec2-user/file-demo/upload/icrtkey2.pem staging "add-service-host 10.127.77.67 icrtrnd-testpod-icai01.infacloudops.net tomcat @!quotes@!icrt@!quotes@!"
2019-03-04 19:37:20,400 INFO [http-nio-8080-exec-3] command execution done
2019-03-04 19:37:27,232 INFO [Thread-4] Shutting down ExecutorService 'applicationTaskExecutor'
2019-03-04 19:38:47,973 INFO [main] Starting FileDemoApplication on icrtrnd-testpod-icai01.infacloudops.net with PID 19553 (/home/ec2-user/file-demo/target/classes started by root in /home/ec2-user/file-demo)
2019-03-04 19:38:47,978 INFO [main] No active profile set, falling back to default profiles: default
2019-03-04 19:38:49,199 INFO [main] Tomcat initialized with port(s): 8080 (http)
2019-03-04 19:38:49,217 INFO [main] Initializing ProtocolHandler ["http-nio-8080"]
2019-03-04 19:38:49,228 INFO [main] Starting service [Tomcat]
2019-03-04 19:38:49,228 INFO [main] Starting Servlet engine: [Apache Tomcat/9.0.14]
2019-03-04 19:38:49,238 INFO [main] The APR based Apache Tomcat Native library which allows optimal performance in production environments was not found on the java.library.path: [/usr/java/packages/lib/amd64:/usr/lib64:/lib64:/lib:/usr/lib]
2019-03-04 19:38:49,309 INFO [main] Initializing Spring embedded WebApplicationContext
2019-03-04 19:38:49,309 INFO [main] Root WebApplicationContext: initialization completed in 1283 ms
2019-03-04 19:38:49,539 INFO [main] Initializing ExecutorService 'applicationTaskExecutor'
2019-03-04 19:38:49,637 INFO [main] Adding welcome page: class path resource [static/index.html]
2019-03-04 19:38:49,695 INFO [main] Starting ProtocolHandler ["http-nio-8080"]
2019-03-04 19:38:49,722 INFO [main] Tomcat started on port(s): 8080 (http) with context path ''
2019-03-04 19:38:49,726 INFO [main] Started FileDemoApplication in 2.543 seconds (JVM running for 6.214)
2019-03-04 19:38:54,617 INFO [http-nio-8080-exec-1] Initializing Spring DispatcherServlet 'dispatcherServlet'
2019-03-04 19:38:54,626 INFO [http-nio-8080-exec-1] Initializing Servlet 'dispatcherServlet'
2019-03-04 19:38:54,636 INFO [http-nio-8080-exec-1] Completed initialization in 10 ms
2019-03-04 19:38:54,712 INFO [http-nio-8080-exec-1] Pem file found
2019-03-04 19:38:54,712 INFO [http-nio-8080-exec-1] Executing commnad: cd /home/ec2-user/hydrant-prod-pop && ./prod.sh /home/ec2-user/file-demo/upload/icrtkey2.pem staging "add-service-host 10.127.77.67 icrtrnd-testpod-icai01.infacloudops.net tomcat @!quotes@!icrt@!quotes@!"
2019-03-04 19:38:54,788 INFO [http-nio-8080-exec-1] command execution done
2019-03-04 19:39:30,314 INFO [http-nio-8080-exec-5] Pem file found
2019-03-04 19:39:30,314 INFO [http-nio-8080-exec-5] Executing commnad: cd /home/ec2-user/hydrant-prod-pop && ./prod.sh /home/ec2-user/file-demo/upload/icrtkey2.pem staging "add-service-host 10.127.77.67 icrtrnd-testpod-icai01.infacloudops.net tomcat @!quotes@!icrt@!quotes@!"
2019-03-04 19:39:30,330 INFO [http-nio-8080-exec-5] command execution done
2019-03-04 19:40:48,914 INFO [Thread-4] Shutting down ExecutorService 'applicationTaskExecutor'
2019-03-04 19:43:25,062 INFO [main] Starting FileDemoApplication on icrtrnd-testpod-icai01.infacloudops.net with PID 19763 (/home/ec2-user/file-demo/target/classes started by root in /home/ec2-user/file-demo)
2019-03-04 19:43:25,069 INFO [main] No active profile set, falling back to default profiles: default
2019-03-04 19:43:26,303 INFO [main] Tomcat initialized with port(s): 8080 (http)
2019-03-04 19:43:26,321 INFO [main] Initializing ProtocolHandler ["http-nio-8080"]
2019-03-04 19:43:26,331 INFO [main] Starting service [Tomcat]
2019-03-04 19:43:26,331 INFO [main] Starting Servlet engine: [Apache Tomcat/9.0.14]
2019-03-04 19:43:26,343 INFO [main] The APR based Apache Tomcat Native library which allows optimal performance in production environments was not found on the java.library.path: [/usr/java/packages/lib/amd64:/usr/lib64:/lib64:/lib:/usr/lib]
2019-03-04 19:43:26,413 INFO [main] Initializing Spring embedded WebApplicationContext
2019-03-04 19:43:26,414 INFO [main] Root WebApplicationContext: initialization completed in 1287 ms
2019-03-04 19:43:26,669 INFO [main] Initializing ExecutorService 'applicationTaskExecutor'
2019-03-04 19:43:26,772 INFO [main] Adding welcome page: class path resource [static/index.html]
2019-03-04 19:43:26,833 INFO [main] Starting ProtocolHandler ["http-nio-8080"]
2019-03-04 19:43:26,860 INFO [main] Tomcat started on port(s): 8080 (http) with context path ''
2019-03-04 19:43:26,864 INFO [main] Started FileDemoApplication in 2.792 seconds (JVM running for 6.792)
2019-03-04 19:43:45,353 INFO [http-nio-8080-exec-1] Initializing Spring DispatcherServlet 'dispatcherServlet'
2019-03-04 19:43:45,354 INFO [http-nio-8080-exec-1] Initializing Servlet 'dispatcherServlet'
2019-03-04 19:43:45,366 INFO [http-nio-8080-exec-1] Completed initialization in 12 ms
2019-03-04 19:43:45,441 INFO [http-nio-8080-exec-1] Pem file found
2019-03-04 19:43:45,441 INFO [http-nio-8080-exec-1] Executing commnad: cd /home/ec2-user/hydrant-prod-pop && ./prod.sh /home/ec2-user/file-demo/upload/icrtkey2.pem staging "add-service-host 10.127.77.67 icrtrnd-testpod-icai01.infacloudops.net tomcat @!quotes@!icrt@!quotes@!"
2019-03-04 19:43:45,524 INFO [http-nio-8080-exec-1] command execution done
2019-03-04 19:44:46,765 INFO [Thread-4] Shutting down ExecutorService 'applicationTaskExecutor'
2019-03-04 19:45:10,301 INFO [main] Starting FileDemoApplication on icrtrnd-testpod-icai01.infacloudops.net with PID 19840 (/home/ec2-user/file-demo/target/classes started by root in /home/ec2-user/file-demo)
2019-03-04 19:45:10,309 INFO [main] No active profile set, falling back to default profiles: default
2019-03-04 19:45:11,583 INFO [main] Tomcat initialized with port(s): 8080 (http)
2019-03-04 19:45:11,601 INFO [main] Initializing ProtocolHandler ["http-nio-8080"]
2019-03-04 19:45:11,612 INFO [main] Starting service [Tomcat]
2019-03-04 19:45:11,612 INFO [main] Starting Servlet engine: [Apache Tomcat/9.0.14]
2019-03-04 19:45:11,623 INFO [main] The APR based Apache Tomcat Native library which allows optimal performance in production environments was not found on the java.library.path: [/usr/java/packages/lib/amd64:/usr/lib64:/lib64:/lib:/usr/lib]
2019-03-04 19:45:11,692 INFO [main] Initializing Spring embedded WebApplicationContext
2019-03-04 19:45:11,693 INFO [main] Root WebApplicationContext: initialization completed in 1315 ms
2019-03-04 19:45:11,917 INFO [main] Initializing ExecutorService 'applicationTaskExecutor'
2019-03-04 19:45:12,053 INFO [main] Adding welcome page: class path resource [static/index.html]
2019-03-04 19:45:12,141 INFO [main] Starting ProtocolHandler ["http-nio-8080"]
2019-03-04 19:45:12,167 INFO [main] Tomcat started on port(s): 8080 (http) with context path ''
2019-03-04 19:45:12,176 INFO [main] Started FileDemoApplication in 2.663 seconds (JVM running for 6.435)
2019-03-04 19:45:15,468 INFO [http-nio-8080-exec-1] Initializing Spring DispatcherServlet 'dispatcherServlet'
2019-03-04 19:45:15,469 INFO [http-nio-8080-exec-1] Initializing Servlet 'dispatcherServlet'
2019-03-04 19:45:15,483 INFO [http-nio-8080-exec-1] Completed initialization in 13 ms
2019-03-04 19:45:17,477 INFO [http-nio-8080-exec-2] Pem file found
2019-03-04 19:45:17,478 INFO [http-nio-8080-exec-2] Executing commnad: cd /home/ec2-user/hydrant-prod-pop && ./prod.sh /home/ec2-user/file-demo/upload/icrtkey2.pem staging "add-service-host 10.127.77.67 icrtrnd-testpod-icai01.infacloudops.net tomcat @!quotes@!icrt@!quotes@!"
2019-03-04 19:45:17,509 INFO [http-nio-8080-exec-2] command execution done
2019-03-04 19:45:43,086 INFO [http-nio-8080-exec-5] Pem file found
2019-03-04 19:45:43,087 INFO [http-nio-8080-exec-5] Executing commnad: cd /home/ec2-user/hydrant-prod-pop && ./prod.sh /home/ec2-user/file-demo/upload/icrtkey2.pem staging "add-service-host 10.127.77.67 icrtrnd-testpod-icai01.infacloudops.net tomcat @!quotes@!icrt@!quotes@!"
2019-03-04 19:45:43,111 INFO [http-nio-8080-exec-5] command execution done
2019-03-04 19:46:33,476 INFO [Thread-4] Shutting down ExecutorService 'applicationTaskExecutor'
2019-03-04 19:48:13,185 INFO [main] Starting FileDemoApplication on icrtrnd-testpod-icai01.infacloudops.net with PID 20010 (/home/ec2-user/file-demo/target/classes started by root in /home/ec2-user/file-demo)
2019-03-04 19:48:13,195 INFO [main] No active profile set, falling back to default profiles: default
2019-03-04 19:48:14,459 INFO [main] Tomcat initialized with port(s): 8080 (http)
2019-03-04 19:48:14,489 INFO [main] Initializing ProtocolHandler ["http-nio-8080"]
2019-03-04 19:48:14,518 INFO [main] Starting service [Tomcat]
2019-03-04 19:48:14,521 INFO [main] Starting Servlet engine: [Apache Tomcat/9.0.14]
2019-03-04 19:48:14,541 INFO [main] The APR based Apache Tomcat Native library which allows optimal performance in production environments was not found on the java.library.path: [/usr/java/packages/lib/amd64:/usr/lib64:/lib64:/lib:/usr/lib]
2019-03-04 19:48:14,612 INFO [main] Initializing Spring embedded WebApplicationContext
2019-03-04 19:48:14,612 INFO [main] Root WebApplicationContext: initialization completed in 1340 ms
2019-03-04 19:48:14,857 INFO [main] Initializing ExecutorService 'applicationTaskExecutor'
2019-03-04 19:48:14,961 INFO [main] Adding welcome page: class path resource [static/index.html]
2019-03-04 19:48:15,022 INFO [main] Starting ProtocolHandler ["http-nio-8080"]
2019-03-04 19:48:15,055 INFO [main] Tomcat started on port(s): 8080 (http) with context path ''
2019-03-04 19:48:15,064 INFO [main] Started FileDemoApplication in 2.766 seconds (JVM running for 6.67)
2019-03-04 19:48:15,463 INFO [http-nio-8080-exec-1] Initializing Spring DispatcherServlet 'dispatcherServlet'
2019-03-04 19:48:15,464 INFO [http-nio-8080-exec-1] Initializing Servlet 'dispatcherServlet'
2019-03-04 19:48:15,474 INFO [http-nio-8080-exec-1] Completed initialization in 9 ms
2019-03-04 19:48:22,884 INFO [http-nio-8080-exec-3] Pem file found
2019-03-04 19:48:22,884 INFO [http-nio-8080-exec-3] Executing commnad: cd /home/ec2-user/hydrant-prod-pop && ./prod.sh /home/ec2-user/file-demo/upload/icrtkey2.pem staging "add-service-host 10.127.77.67 icrtrnd-testpod-icai01.infacloudops.net tomcat @!quotes@!icrt@!quotes@!"
2019-03-04 19:48:22,906 INFO [http-nio-8080-exec-3] command execution done
2019-03-04 19:49:06,547 INFO [Thread-4] Shutting down ExecutorService 'applicationTaskExecutor'
2019-03-04 19:49:31,140 INFO [main] Starting FileDemoApplication on icrtrnd-testpod-icai01.infacloudops.net with PID 20120 (/home/ec2-user/file-demo/target/classes started by root in /home/ec2-user/file-demo)
2019-03-04 19:49:31,145 INFO [main] No active profile set, falling back to default profiles: default
2019-03-04 19:49:32,383 INFO [main] Tomcat initialized with port(s): 8080 (http)
2019-03-04 19:49:32,401 INFO [main] Initializing ProtocolHandler ["http-nio-8080"]
2019-03-04 19:49:32,411 INFO [main] Starting service [Tomcat]
2019-03-04 19:49:32,411 INFO [main] Starting Servlet engine: [Apache Tomcat/9.0.14]
2019-03-04 19:49:32,422 INFO [main] The APR based Apache Tomcat Native library which allows optimal performance in production environments was not found on the java.library.path: [/usr/java/packages/lib/amd64:/usr/lib64:/lib64:/lib:/usr/lib]
2019-03-04 19:49:32,493 INFO [main] Initializing Spring embedded WebApplicationContext
2019-03-04 19:49:32,494 INFO [main] Root WebApplicationContext: initialization completed in 1267 ms
2019-03-04 19:49:32,722 INFO [main] Initializing ExecutorService 'applicationTaskExecutor'
2019-03-04 19:49:32,826 INFO [main] Adding welcome page: class path resource [static/index.html]
2019-03-04 19:49:32,887 INFO [main] Starting ProtocolHandler ["http-nio-8080"]
2019-03-04 19:49:32,919 INFO [main] Tomcat started on port(s): 8080 (http) with context path ''
2019-03-04 19:49:32,923 INFO [main] Started FileDemoApplication in 2.655 seconds (JVM running for 6.357)
2019-03-04 19:49:45,459 INFO [http-nio-8080-exec-1] Initializing Spring DispatcherServlet 'dispatcherServlet'
2019-03-04 19:49:45,461 INFO [http-nio-8080-exec-1] Initializing Servlet 'dispatcherServlet'
2019-03-04 19:49:45,472 INFO [http-nio-8080-exec-1] Completed initialization in 11 ms
2019-03-04 19:49:49,561 INFO [http-nio-8080-exec-3] Pem file found
2019-03-04 19:49:49,561 INFO [http-nio-8080-exec-3] Executing commnad: cd /home/ec2-user/hydrant-prod-pop && ./prod.sh /home/ec2-user/file-demo/upload/icrtkey2.pem staging "add-service-host 10.127.77.67 icrtrnd-testpod-icai01.infacloudops.net tomcat @!quotes@!icrt@!quotes@!"
2019-03-04 19:49:49,588 INFO [http-nio-8080-exec-3] command execution done
2019-03-04 19:50:19,195 INFO [Thread-4] Shutting down ExecutorService 'applicationTaskExecutor'
2019-03-04 19:51:57,873 INFO [main] Starting FileDemoApplication on icrtrnd-testpod-icai01.infacloudops.net with PID 20266 (/home/ec2-user/file-demo/target/classes started by root in /home/ec2-user/file-demo)
2019-03-04 19:51:57,882 INFO [main] No active profile set, falling back to default profiles: default
2019-03-04 19:51:59,152 INFO [main] Tomcat initialized with port(s): 8080 (http)
2019-03-04 19:51:59,170 INFO [main] Initializing ProtocolHandler ["http-nio-8080"]
2019-03-04 19:51:59,181 INFO [main] Starting service [Tomcat]
2019-03-04 19:51:59,181 INFO [main] Starting Servlet engine: [Apache Tomcat/9.0.14]
2019-03-04 19:51:59,192 INFO [main] The APR based Apache Tomcat Native library which allows optimal performance in production environments was not found on the java.library.path: [/usr/java/packages/lib/amd64:/usr/lib64:/lib64:/lib:/usr/lib]
2019-03-04 19:51:59,259 INFO [main] Initializing Spring embedded WebApplicationContext
2019-03-04 19:51:59,259 INFO [main] Root WebApplicationContext: initialization completed in 1301 ms
2019-03-04 19:51:59,470 INFO [main] Initializing ExecutorService 'applicationTaskExecutor'
2019-03-04 19:51:59,574 INFO [main] Adding welcome page: class path resource [static/index.html]
2019-03-04 19:51:59,637 INFO [main] Starting ProtocolHandler ["http-nio-8080"]
2019-03-04 19:51:59,666 INFO [main] Tomcat started on port(s): 8080 (http) with context path ''
2019-03-04 19:51:59,669 INFO [main] Started FileDemoApplication in 2.693 seconds (JVM running for 6.396)
2019-03-04 19:52:08,177 INFO [http-nio-8080-exec-1] Initializing Spring DispatcherServlet 'dispatcherServlet'
2019-03-04 19:52:08,178 INFO [http-nio-8080-exec-1] Initializing Servlet 'dispatcherServlet'
2019-03-04 19:52:08,191 INFO [http-nio-8080-exec-1] Completed initialization in 13 ms
2019-03-04 19:52:08,240 INFO [http-nio-8080-exec-1] Pem file found
2019-03-04 19:52:08,240 INFO [http-nio-8080-exec-1] Executing commnad: cd /home/ec2-user/hydrant-prod-pop && ./prod.sh /home/ec2-user/file-demo/upload/icrtkey2.pem staging "add-service-host 10.127.77.67 icrtrnd-testpod-icai01.infacloudops.net tomcat @!quotes@!icrt@!quotes@!"
2019-03-04 19:52:08,263 INFO [http-nio-8080-exec-1] command execution done
2019-03-04 19:52:27,463 INFO [Thread-4] Shutting down ExecutorService 'applicationTaskExecutor'
2019-03-04 19:55:15,909 INFO [main] Starting FileDemoApplication on icrtrnd-testpod-icai01.infacloudops.net with PID 20401 (/home/ec2-user/file-demo/target/classes started by root in /home/ec2-user/file-demo)
2019-03-04 19:55:15,912 INFO [main] No active profile set, falling back to default profiles: default
2019-03-04 19:55:17,106 INFO [main] Tomcat initialized with port(s): 8080 (http)
2019-03-04 19:55:17,129 INFO [main] Initializing ProtocolHandler ["http-nio-8080"]
2019-03-04 19:55:17,140 INFO [main] Starting service [Tomcat]
2019-03-04 19:55:17,141 INFO [main] Starting Servlet engine: [Apache Tomcat/9.0.14]
2019-03-04 19:55:17,151 INFO [main] The APR based Apache Tomcat Native library which allows optimal performance in production environments was not found on the java.library.path: [/usr/java/packages/lib/amd64:/usr/lib64:/lib64:/lib:/usr/lib]
2019-03-04 19:55:17,221 INFO [main] Initializing Spring embedded WebApplicationContext
2019-03-04 19:55:17,221 INFO [main] Root WebApplicationContext: initialization completed in 1244 ms
2019-03-04 19:55:17,455 INFO [main] Initializing ExecutorService 'applicationTaskExecutor'
2019-03-04 19:55:17,557 INFO [main] Adding welcome page: class path resource [static/index.html]
2019-03-04 19:55:17,617 INFO [main] Starting ProtocolHandler ["http-nio-8080"]
2019-03-04 19:55:17,646 INFO [main] Tomcat started on port(s): 8080 (http) with context path ''
2019-03-04 19:55:17,650 INFO [main] Started FileDemoApplication in 2.618 seconds (JVM running for 6.587)
2019-03-04 19:55:19,120 INFO [http-nio-8080-exec-1] Initializing Spring DispatcherServlet 'dispatcherServlet'
2019-03-04 19:55:19,121 INFO [http-nio-8080-exec-1] Initializing Servlet 'dispatcherServlet'
2019-03-04 19:55:19,128 INFO [http-nio-8080-exec-1] Completed initialization in 7 ms
2019-03-04 19:56:02,644 INFO [http-nio-8080-exec-4] Pem file found
2019-03-04 19:56:02,644 INFO [http-nio-8080-exec-4] Executing commnad: cd /home/ec2-user/hydrant-prod-pop && ./prod.sh /home/ec2-user/file-demo/upload/icrtkey2.pem staging "add-service-host 10.127.77.67 icrtrnd-testpod-icai01.infacloudops.net tomcat @!quotes@!icrt@!quotes@!"
2019-03-04 19:56:02,682 INFO [http-nio-8080-exec-4] command execution done
2019-03-04 19:56:54,691 INFO [http-nio-8080-exec-10] Pem file found
2019-03-04 19:56:54,692 INFO [http-nio-8080-exec-10] Executing commnad: cd /home/ec2-user/hydrant-prod-pop && ./prod.sh /home/ec2-user/file-demo/upload/icrtkey2.pem staging "add-service-host 10.127.77.67 icrtrnd-testpod-icai01.infacloudops.net tomcat @!quotes@!icrt@!quotes@!"
2019-03-04 19:56:54,716 INFO [http-nio-8080-exec-10] command execution done
2019-03-04 19:57:37,146 INFO [Thread-4] Shutting down ExecutorService 'applicationTaskExecutor'
2019-03-04 19:59:39,648 INFO [main] Starting FileDemoApplication on icrtrnd-testpod-icai01.infacloudops.net with PID 20791 (/home/ec2-user/file-demo/target/classes started by root in /home/ec2-user/file-demo)
2019-03-04 19:59:39,655 INFO [main] No active profile set, falling back to default profiles: default
2019-03-04 19:59:41,015 INFO [main] Tomcat initialized with port(s): 8080 (http)
2019-03-04 19:59:41,034 INFO [main] Initializing ProtocolHandler ["http-nio-8080"]
2019-03-04 19:59:41,057 INFO [main] Starting service [Tomcat]
2019-03-04 19:59:41,058 INFO [main] Starting Servlet engine: [Apache Tomcat/9.0.14]
2019-03-04 19:59:41,074 INFO [main] The APR based Apache Tomcat Native library which allows optimal performance in production environments was not found on the java.library.path: [/usr/java/packages/lib/amd64:/usr/lib64:/lib64:/lib:/usr/lib]
2019-03-04 19:59:41,153 INFO [main] Initializing Spring embedded WebApplicationContext
2019-03-04 19:59:41,154 INFO [main] Root WebApplicationContext: initialization completed in 1425 ms
2019-03-04 19:59:41,454 INFO [main] Initializing ExecutorService 'applicationTaskExecutor'
2019-03-04 19:59:41,599 INFO [main] Adding welcome page: class path resource [static/index.html]
2019-03-04 19:59:41,679 INFO [main] Starting ProtocolHandler ["http-nio-8080"]
2019-03-04 19:59:41,715 INFO [main] Tomcat started on port(s): 8080 (http) with context path ''
2019-03-04 19:59:41,719 INFO [main] Started FileDemoApplication in 2.807 seconds (JVM running for 6.574)
2019-03-04 19:59:45,458 INFO [http-nio-8080-exec-1] Initializing Spring DispatcherServlet 'dispatcherServlet'
2019-03-04 19:59:45,460 INFO [http-nio-8080-exec-1] Initializing Servlet 'dispatcherServlet'
2019-03-04 19:59:45,470 INFO [http-nio-8080-exec-1] Completed initialization in 10 ms
2019-03-04 20:00:03,289 INFO [http-nio-8080-exec-3] Pem file found
2019-03-04 20:00:03,289 INFO [http-nio-8080-exec-3] Executing commnad: cd /home/ec2-user/hydrant-prod-pop && ./prod.sh /home/ec2-user/file-demo/upload/icrtkey2.pem staging "add-service-host 10.127.77.67 icrtrnd-testpod-icai01.infacloudops.net tomcat @!quotes@!icrt@!quotes@!"
2019-03-04 20:00:03,320 INFO [http-nio-8080-exec-3] command execution done
2019-03-04 20:00:44,023 INFO [http-nio-8080-exec-7] Pem file found
2019-03-04 20:00:44,023 INFO [http-nio-8080-exec-7] Executing commnad: cd /home/ec2-user/hydrant-prod-pop && ./prod.sh /home/ec2-user/file-demo/upload/icrtkey2.pem staging "add-service-host 10.127.77.67 icrtrnd-testpod-icai01.infacloudops.net tomcat @!quotes@!icrt@!quotes@!"
2019-03-04 20:00:45,288 INFO [http-nio-8080-exec-7] command execution done
2019-03-04 20:01:05,471 INFO [http-nio-8080-exec-1] Pem file found
2019-03-04 20:01:05,471 INFO [http-nio-8080-exec-1] Executing commnad: cd /home/ec2-user/hydrant-prod-pop && ./prod.sh /home/ec2-user/file-demo/upload/icrtkey2.pem staging "add-service-host 10.127.77.67 icrtrnd-testpod-icai01.infacloudops.net tomcat @!quotes@!icrt ois b2b@!quotes@!"
2019-03-04 20:01:07,566 INFO [http-nio-8080-exec-1] command execution done
2019-03-04 20:01:52,684 INFO [Thread-4] Shutting down ExecutorService 'applicationTaskExecutor'
